0 info it worked if it ends with ok
1 verbose cli [ '/usr/bin/nodejs', '/usr/bin/npm', 'install' ]
2 info using npm@3.5.2
3 info using node@v4.2.6
4 silly loadCurrentTree Starting
5 silly install loadCurrentTree
6 silly install readLocalPackageData
7 silly install normalizeTree
8 silly loadCurrentTree Finishing
9 silly loadIdealTree Starting
10 silly install loadIdealTree
11 silly cloneCurrentTree Starting
12 silly install cloneCurrentTreeToIdealTree
13 silly cloneCurrentTree Finishing
14 silly loadShrinkwrap Starting
15 silly install loadShrinkwrap
16 silly loadShrinkwrap Finishing
17 silly loadAllDepsIntoIdealTree Starting
18 silly install loadAllDepsIntoIdealTree
19 silly fetchNamedPackageData fsevents
20 silly mapToRegistry name fsevents
21 silly mapToRegistry using default registry
22 silly mapToRegistry registry https://registry.npmjs.org/
23 silly mapToRegistry uri https://registry.npmjs.org/fsevents
24 verbose request uri https://registry.npmjs.org/fsevents
25 verbose request no auth needed
26 info attempt registry request try #1 at 8:49:49 AM
27 verbose request id cc81e3137bb933d9
28 verbose etag "5ae35e28-10652"
29 verbose lastModified Fri, 27 Apr 2018 17:30:16 GMT
30 http request GET https://registry.npmjs.org/fsevents
31 http 304 https://registry.npmjs.org/fsevents
32 verbose headers { date: 'Mon, 30 Apr 2018 12:49:49 GMT',
32 verbose headers   via: '1.1 varnish',
32 verbose headers   'cache-control': 'max-age=300',
32 verbose headers   etag: '"5ae35e28-10652"',
32 verbose headers   age: '9648',
32 verbose headers   connection: 'keep-alive',
32 verbose headers   'x-served-by': 'cache-bos8231-BOS',
32 verbose headers   'x-cache': 'HIT',
32 verbose headers   'x-cache-hits': '17',
32 verbose headers   'x-timer': 'S1525092589.162672,VS0,VE0',
32 verbose headers   vary: 'Accept-Encoding, Accept' }
33 silly get cb [ 304,
33 silly get   { date: 'Mon, 30 Apr 2018 12:49:49 GMT',
33 silly get     via: '1.1 varnish',
33 silly get     'cache-control': 'max-age=300',
33 silly get     etag: '"5ae35e28-10652"',
33 silly get     age: '9648',
33 silly get     connection: 'keep-alive',
33 silly get     'x-served-by': 'cache-bos8231-BOS',
33 silly get     'x-cache': 'HIT',
33 silly get     'x-cache-hits': '17',
33 silly get     'x-timer': 'S1525092589.162672,VS0,VE0',
33 silly get     vary: 'Accept-Encoding, Accept' } ]
34 verbose etag https://registry.npmjs.org/fsevents from cache
35 verbose get saving fsevents to /home/defalt/.npm/registry.npmjs.org/fsevents/.cache.json
36 silly resolveWithNewModule fsevents@1.2.3 checking installable status
37 silly loadAllDepsIntoIdealTree Finishing
38 silly idealTree:prePrune devchat@1.0.0
38 silly idealTree:prePrune ├── abbrev@1.1.1
38 silly idealTree:prePrune ├── accepts@1.3.5
38 silly idealTree:prePrune ├── ajv@5.5.2
38 silly idealTree:prePrune ├─┬ ansi-align@2.0.0
38 silly idealTree:prePrune │ ├── ansi-regex@3.0.0
38 silly idealTree:prePrune │ ├── is-fullwidth-code-point@2.0.0
38 silly idealTree:prePrune │ ├── string-width@2.1.1
38 silly idealTree:prePrune │ └── strip-ansi@4.0.0
38 silly idealTree:prePrune ├── ansi-regex@2.1.1
38 silly idealTree:prePrune ├── ansi-styles@3.2.1
38 silly idealTree:prePrune ├── anymatch@2.0.0
38 silly idealTree:prePrune ├── aproba@1.2.0
38 silly idealTree:prePrune ├── are-we-there-yet@1.1.4
38 silly idealTree:prePrune ├── arr-diff@4.0.0
38 silly idealTree:prePrune ├── arr-flatten@1.1.0
38 silly idealTree:prePrune ├── arr-union@3.1.0
38 silly idealTree:prePrune ├── array-flatten@1.1.1
38 silly idealTree:prePrune ├── array-unique@0.3.2
38 silly idealTree:prePrune ├── asn1@0.2.3
38 silly idealTree:prePrune ├── assert-plus@1.0.0
38 silly idealTree:prePrune ├── assign-symbols@1.0.0
38 silly idealTree:prePrune ├── async-each@1.0.1
38 silly idealTree:prePrune ├── async@2.1.4
38 silly idealTree:prePrune ├── asynckit@0.4.0
38 silly idealTree:prePrune ├── atob@2.1.0
38 silly idealTree:prePrune ├── aws-sign2@0.7.0
38 silly idealTree:prePrune ├── aws4@1.6.0
38 silly idealTree:prePrune ├── balanced-match@1.0.0
38 silly idealTree:prePrune ├─┬ base@0.11.2
38 silly idealTree:prePrune │ ├── define-property@1.0.0
38 silly idealTree:prePrune │ ├── is-accessor-descriptor@1.0.0
38 silly idealTree:prePrune │ ├── is-data-descriptor@1.0.0
38 silly idealTree:prePrune │ └── is-descriptor@1.0.2
38 silly idealTree:prePrune ├── base64-url@1.3.3
38 silly idealTree:prePrune ├── base64url@2.0.0
38 silly idealTree:prePrune ├── basic-auth@2.0.0
38 silly idealTree:prePrune ├── bcrypt-nodejs@0.0.3
38 silly idealTree:prePrune ├── bcrypt-pbkdf@1.0.1
38 silly idealTree:prePrune ├── bcrypt@1.0.3
38 silly idealTree:prePrune ├── binary-extensions@1.11.0
38 silly idealTree:prePrune ├── block-stream@0.0.9
38 silly idealTree:prePrune ├── bluebird@3.5.0
38 silly idealTree:prePrune ├── body-parser@1.18.2
38 silly idealTree:prePrune ├── boom@4.3.1
38 silly idealTree:prePrune ├─┬ boxen@1.3.0
38 silly idealTree:prePrune │ ├── ansi-regex@3.0.0
38 silly idealTree:prePrune │ ├── is-fullwidth-code-point@2.0.0
38 silly idealTree:prePrune │ ├── string-width@2.1.1
38 silly idealTree:prePrune │ └── strip-ansi@4.0.0
38 silly idealTree:prePrune ├── brace-expansion@1.1.11
38 silly idealTree:prePrune ├─┬ braces@2.3.2
38 silly idealTree:prePrune │ └── extend-shallow@2.0.1
38 silly idealTree:prePrune ├── bson@1.0.6
38 silly idealTree:prePrune ├── buffer-equal-constant-time@1.0.1
38 silly idealTree:prePrune ├── bytes@3.0.0
38 silly idealTree:prePrune ├── cache-base@1.0.1
38 silly idealTree:prePrune ├── camelcase@4.1.0
38 silly idealTree:prePrune ├── camelize@1.0.0
38 silly idealTree:prePrune ├── capture-stack-trace@1.0.0
38 silly idealTree:prePrune ├── caseless@0.12.0
38 silly idealTree:prePrune ├── chalk@2.4.0
38 silly idealTree:prePrune ├── chokidar@2.0.3
38 silly idealTree:prePrune ├── ci-info@1.1.3
38 silly idealTree:prePrune ├─┬ class-utils@0.3.6
38 silly idealTree:prePrune │ └── define-property@0.2.5
38 silly idealTree:prePrune ├── cli-boxes@1.0.0
38 silly idealTree:prePrune ├── co@4.6.0
38 silly idealTree:prePrune ├── code-point-at@1.1.0
38 silly idealTree:prePrune ├── collection-visit@1.0.0
38 silly idealTree:prePrune ├── color-convert@1.9.1
38 silly idealTree:prePrune ├── color-name@1.1.3
38 silly idealTree:prePrune ├── colors@1.0.3
38 silly idealTree:prePrune ├── combined-stream@1.0.6
38 silly idealTree:prePrune ├── component-emitter@1.2.1
38 silly idealTree:prePrune ├── concat-map@0.0.1
38 silly idealTree:prePrune ├── configstore@3.1.2
38 silly idealTree:prePrune ├── console-control-strings@1.1.0
38 silly idealTree:prePrune ├── content-disposition@0.5.2
38 silly idealTree:prePrune ├── content-security-policy-builder@2.0.0
38 silly idealTree:prePrune ├── content-type@1.0.4
38 silly idealTree:prePrune ├── cookie-parser@1.4.3
38 silly idealTree:prePrune ├── cookie-signature@1.0.6
38 silly idealTree:prePrune ├── cookie@0.3.1
38 silly idealTree:prePrune ├── copy-descriptor@0.1.1
38 silly idealTree:prePrune ├── core-util-is@1.0.2
38 silly idealTree:prePrune ├── crc@3.4.4
38 silly idealTree:prePrune ├── create-error-class@3.0.2
38 silly idealTree:prePrune ├── cross-spawn@5.1.0
38 silly idealTree:prePrune ├─┬ cryptiles@3.1.2
38 silly idealTree:prePrune │ └── boom@5.2.0
38 silly idealTree:prePrune ├── crypto-random-string@1.0.0
38 silly idealTree:prePrune ├── crypto@1.0.1
38 silly idealTree:prePrune ├── cycle@1.0.3
38 silly idealTree:prePrune ├── dashdash@1.14.1
38 silly idealTree:prePrune ├── dasherize@2.0.0
38 silly idealTree:prePrune ├── debug@2.6.9
38 silly idealTree:prePrune ├── decode-uri-component@0.2.0
38 silly idealTree:prePrune ├── deep-extend@0.4.2
38 silly idealTree:prePrune ├─┬ define-property@2.0.2
38 silly idealTree:prePrune │ ├── is-accessor-descriptor@1.0.0
38 silly idealTree:prePrune │ ├── is-data-descriptor@1.0.0
38 silly idealTree:prePrune │ └── is-descriptor@1.0.2
38 silly idealTree:prePrune ├── delayed-stream@1.0.0
38 silly idealTree:prePrune ├── delegates@1.0.0
38 silly idealTree:prePrune ├── depd@1.1.2
38 silly idealTree:prePrune ├── destroy@1.0.4
38 silly idealTree:prePrune ├── dns-prefetch-control@0.1.0
38 silly idealTree:prePrune ├── dont-sniff-mimetype@1.0.0
38 silly idealTree:prePrune ├── dot-prop@4.2.0
38 silly idealTree:prePrune ├── duplexer@0.1.1
38 silly idealTree:prePrune ├── duplexer3@0.1.4
38 silly idealTree:prePrune ├── ecc-jsbn@0.1.1
38 silly idealTree:prePrune ├── ecdsa-sig-formatter@1.0.9
38 silly idealTree:prePrune ├── ee-first@1.1.1
38 silly idealTree:prePrune ├── ejs@2.5.9
38 silly idealTree:prePrune ├── encodeurl@1.0.2
38 silly idealTree:prePrune ├── escape-html@1.0.3
38 silly idealTree:prePrune ├── escape-string-regexp@1.0.5
38 silly idealTree:prePrune ├── etag@1.8.1
38 silly idealTree:prePrune ├── event-stream@3.3.4
38 silly idealTree:prePrune ├── execa@0.7.0
38 silly idealTree:prePrune ├─┬ expand-brackets@2.1.4
38 silly idealTree:prePrune │ ├── define-property@0.2.5
38 silly idealTree:prePrune │ └── extend-shallow@2.0.1
38 silly idealTree:prePrune ├── expect-ct@0.1.0
38 silly idealTree:prePrune ├── express-session@1.15.6
38 silly idealTree:prePrune ├── express@4.16.3
38 silly idealTree:prePrune ├─┬ extend-shallow@3.0.2
38 silly idealTree:prePrune │ └── is-extendable@1.0.1
38 silly idealTree:prePrune ├── extend@3.0.1
38 silly idealTree:prePrune ├─┬ extglob@2.0.4
38 silly idealTree:prePrune │ ├── define-property@1.0.0
38 silly idealTree:prePrune │ ├── extend-shallow@2.0.1
38 silly idealTree:prePrune │ ├── is-accessor-descriptor@1.0.0
38 silly idealTree:prePrune │ ├── is-data-descriptor@1.0.0
38 silly idealTree:prePrune │ └── is-descriptor@1.0.2
38 silly idealTree:prePrune ├── extsprintf@1.3.0
38 silly idealTree:prePrune ├── eyes@0.1.8
38 silly idealTree:prePrune ├── fast-deep-equal@1.1.0
38 silly idealTree:prePrune ├── fast-json-stable-stringify@2.0.0
38 silly idealTree:prePrune ├─┬ fill-range@4.0.0
38 silly idealTree:prePrune │ └── extend-shallow@2.0.1
38 silly idealTree:prePrune ├── finalhandler@1.1.1
38 silly idealTree:prePrune ├── for-in@1.0.2
38 silly idealTree:prePrune ├── forever-agent@0.6.1
38 silly idealTree:prePrune ├── form-data@2.3.2
38 silly idealTree:prePrune ├── forwarded@0.1.2
38 silly idealTree:prePrune ├── fragment-cache@0.2.1
38 silly idealTree:prePrune ├── frameguard@3.0.0
38 silly idealTree:prePrune ├── fresh@0.5.2
38 silly idealTree:prePrune ├── from@0.1.7
38 silly idealTree:prePrune ├── fs.realpath@1.0.0
38 silly idealTree:prePrune ├── fs@0.0.1-security
38 silly idealTree:prePrune ├── fstream-ignore@1.0.5
38 silly idealTree:prePrune ├── fstream@1.0.11
38 silly idealTree:prePrune ├── gauge@2.7.4
38 silly idealTree:prePrune ├── get-stream@3.0.0
38 silly idealTree:prePrune ├── get-value@2.0.6
38 silly idealTree:prePrune ├── getpass@0.1.7
38 silly idealTree:prePrune ├─┬ glob-parent@3.1.0
38 silly idealTree:prePrune │ └── is-glob@3.1.0
38 silly idealTree:prePrune ├── glob@7.1.2
38 silly idealTree:prePrune ├── global-dirs@0.1.1
38 silly idealTree:prePrune ├── got@6.7.1
38 silly idealTree:prePrune ├── graceful-fs@4.1.11
38 silly idealTree:prePrune ├── har-schema@2.0.0
38 silly idealTree:prePrune ├── har-validator@5.0.3
38 silly idealTree:prePrune ├── has-flag@3.0.0
38 silly idealTree:prePrune ├── has-unicode@2.0.1
38 silly idealTree:prePrune ├── has-value@1.0.0
38 silly idealTree:prePrune ├─┬ has-values@1.0.0
38 silly idealTree:prePrune │ └── kind-of@4.0.0
38 silly idealTree:prePrune ├── hawk@6.0.2
38 silly idealTree:prePrune ├── helmet-csp@2.7.0
38 silly idealTree:prePrune ├── helmet@3.12.0
38 silly idealTree:prePrune ├── hide-powered-by@1.0.0
38 silly idealTree:prePrune ├── hoek@4.2.1
38 silly idealTree:prePrune ├── hpkp@2.0.0
38 silly idealTree:prePrune ├── hsts@2.1.0
38 silly idealTree:prePrune ├─┬ http-errors@1.6.2
38 silly idealTree:prePrune │ ├── depd@1.1.1
38 silly idealTree:prePrune │ └── setprototypeof@1.0.3
38 silly idealTree:prePrune ├── http-signature@1.2.0
38 silly idealTree:prePrune ├── iconv-lite@0.4.19
38 silly idealTree:prePrune ├── ienoopen@1.0.0
38 silly idealTree:prePrune ├── ignore-by-default@1.0.1
38 silly idealTree:prePrune ├── import-lazy@2.1.0
38 silly idealTree:prePrune ├── imurmurhash@0.1.4
38 silly idealTree:prePrune ├── inflight@1.0.6
38 silly idealTree:prePrune ├── inherits@2.0.3
38 silly idealTree:prePrune ├── ini@1.3.5
38 silly idealTree:prePrune ├── ipaddr.js@1.6.0
38 silly idealTree:prePrune ├─┬ is-accessor-descriptor@0.1.6
38 silly idealTree:prePrune │ └── kind-of@3.2.2
38 silly idealTree:prePrune ├── is-binary-path@1.0.1
38 silly idealTree:prePrune ├── is-buffer@1.1.6
38 silly idealTree:prePrune ├── is-ci@1.1.0
38 silly idealTree:prePrune ├─┬ is-data-descriptor@0.1.4
38 silly idealTree:prePrune │ └── kind-of@3.2.2
38 silly idealTree:prePrune ├─┬ is-descriptor@0.1.6
38 silly idealTree:prePrune │ └── kind-of@5.1.0
38 silly idealTree:prePrune ├── is-extendable@0.1.1
38 silly idealTree:prePrune ├── is-extglob@2.1.1
38 silly idealTree:prePrune ├── is-fullwidth-code-point@1.0.0
38 silly idealTree:prePrune ├── is-glob@4.0.0
38 silly idealTree:prePrune ├── is-installed-globally@0.1.0
38 silly idealTree:prePrune ├── is-npm@1.0.0
38 silly idealTree:prePrune ├─┬ is-number@3.0.0
38 silly idealTree:prePrune │ └── kind-of@3.2.2
38 silly idealTree:prePrune ├── is-obj@1.0.1
38 silly idealTree:prePrune ├─┬ is-odd@2.0.0
38 silly idealTree:prePrune │ └── is-number@4.0.0
38 silly idealTree:prePrune ├── is-path-inside@1.0.1
38 silly idealTree:prePrune ├── is-plain-object@2.0.4
38 silly idealTree:prePrune ├── is-redirect@1.0.0
38 silly idealTree:prePrune ├── is-retry-allowed@1.1.0
38 silly idealTree:prePrune ├── is-stream@1.1.0
38 silly idealTree:prePrune ├── is-typedarray@1.0.0
38 silly idealTree:prePrune ├── is-windows@1.0.2
38 silly idealTree:prePrune ├── is.object@1.0.0
38 silly idealTree:prePrune ├── isarray@1.0.0
38 silly idealTree:prePrune ├── isexe@2.0.0
38 silly idealTree:prePrune ├── isobject@3.0.1
38 silly idealTree:prePrune ├── isstream@0.1.2
38 silly idealTree:prePrune ├── jsbn@0.1.1
38 silly idealTree:prePrune ├── json-parse-safe@1.0.5
38 silly idealTree:prePrune ├── json-schema-traverse@0.3.1
38 silly idealTree:prePrune ├── json-schema@0.2.3
38 silly idealTree:prePrune ├── json-stringify-safe@5.0.1
38 silly idealTree:prePrune ├── json-web-token@2.1.3
38 silly idealTree:prePrune ├─┬ jsonwebtoken@8.2.1
38 silly idealTree:prePrune │ └── ms@2.1.1
38 silly idealTree:prePrune ├── jsprim@1.4.1
38 silly idealTree:prePrune ├── jwa@1.1.5
38 silly idealTree:prePrune ├── jws@3.1.4
38 silly idealTree:prePrune ├── kareem@2.0.6
38 silly idealTree:prePrune ├── kind-of@6.0.2
38 silly idealTree:prePrune ├── latest-version@3.1.0
38 silly idealTree:prePrune ├── lodash.get@4.4.2
38 silly idealTree:prePrune ├── lodash.includes@4.3.0
38 silly idealTree:prePrune ├── lodash.isboolean@3.0.3
38 silly idealTree:prePrune ├── lodash.isinteger@4.0.4
38 silly idealTree:prePrune ├── lodash.isnumber@3.0.3
38 silly idealTree:prePrune ├── lodash.isplainobject@4.0.6
38 silly idealTree:prePrune ├── lodash.isstring@4.0.1
38 silly idealTree:prePrune ├── lodash.once@4.1.1
38 silly idealTree:prePrune ├── lodash.reduce@4.6.0
38 silly idealTree:prePrune ├── lodash@4.17.10
38 silly idealTree:prePrune ├── lowercase-keys@1.0.1
38 silly idealTree:prePrune ├─┬ lru-cache@4.1.2
38 silly idealTree:prePrune │ └── yallist@2.1.2
38 silly idealTree:prePrune ├── make-dir@1.2.0
38 silly idealTree:prePrune ├── map-cache@0.2.2
38 silly idealTree:prePrune ├── map-stream@0.1.0
38 silly idealTree:prePrune ├── map-visit@1.0.0
38 silly idealTree:prePrune ├── media-typer@0.3.0
38 silly idealTree:prePrune ├── merge-descriptors@1.0.1
38 silly idealTree:prePrune ├── methods@1.1.2
38 silly idealTree:prePrune ├── micromatch@3.1.10
38 silly idealTree:prePrune ├── mime-db@1.33.0
38 silly idealTree:prePrune ├── mime-types@2.1.18
38 silly idealTree:prePrune ├── mime@1.4.1
38 silly idealTree:prePrune ├── minimatch@3.0.4
38 silly idealTree:prePrune ├── minimist@0.0.8
38 silly idealTree:prePrune ├─┬ mixin-deep@1.3.1
38 silly idealTree:prePrune │ └── is-extendable@1.0.1
38 silly idealTree:prePrune ├── mkdirp@0.5.1
38 silly idealTree:prePrune ├── mongodb-core@3.0.7
38 silly idealTree:prePrune ├── mongodb@3.0.7
38 silly idealTree:prePrune ├── mongoose-legacy-pluralize@1.0.2
38 silly idealTree:prePrune ├── mongoose@5.0.16
38 silly idealTree:prePrune ├── morgan@1.9.0
38 silly idealTree:prePrune ├── mpath@0.4.1
38 silly idealTree:prePrune ├─┬ mquery@3.0.0
38 silly idealTree:prePrune │ └── sliced@0.0.5
38 silly idealTree:prePrune ├── ms@2.0.0
38 silly idealTree:prePrune ├── nan@2.6.2
38 silly idealTree:prePrune ├── nanomatch@1.2.9
38 silly idealTree:prePrune ├── negotiator@0.6.1
38 silly idealTree:prePrune ├── nocache@2.0.0
38 silly idealTree:prePrune ├── node-pre-gyp@0.6.36
38 silly idealTree:prePrune ├─┬ nodemon@1.17.3
38 silly idealTree:prePrune │ └── debug@3.1.0
38 silly idealTree:prePrune ├── nopt@4.0.1
38 silly idealTree:prePrune ├── normalize-path@2.1.1
38 silly idealTree:prePrune ├── npm-run-path@2.0.2
38 silly idealTree:prePrune ├── npmlog@4.1.2
38 silly idealTree:prePrune ├── number-is-nan@1.0.1
38 silly idealTree:prePrune ├── oauth-sign@0.8.2
38 silly idealTree:prePrune ├── object-assign@4.1.1
38 silly idealTree:prePrune ├─┬ object-copy@0.1.0
38 silly idealTree:prePrune │ ├── define-property@0.2.5
38 silly idealTree:prePrune │ └── kind-of@3.2.2
38 silly idealTree:prePrune ├── object-visit@1.0.1
38 silly idealTree:prePrune ├── object.pick@1.3.0
38 silly idealTree:prePrune ├── on-finished@2.3.0
38 silly idealTree:prePrune ├── on-headers@1.0.1
38 silly idealTree:prePrune ├── once@1.4.0
38 silly idealTree:prePrune ├── os-homedir@1.0.2
38 silly idealTree:prePrune ├── os-tmpdir@1.0.2
38 silly idealTree:prePrune ├── osenv@0.1.5
38 silly idealTree:prePrune ├── p-finally@1.0.0
38 silly idealTree:prePrune ├── package-json@4.0.1
38 silly idealTree:prePrune ├── parseurl@1.3.2
38 silly idealTree:prePrune ├── pascalcase@0.1.1
38 silly idealTree:prePrune ├── passport-local@1.0.0
38 silly idealTree:prePrune ├── passport-strategy@1.0.0
38 silly idealTree:prePrune ├── passport@0.4.0
38 silly idealTree:prePrune ├── path-dirname@1.0.2
38 silly idealTree:prePrune ├── path-is-absolute@1.0.1
38 silly idealTree:prePrune ├── path-is-inside@1.0.2
38 silly idealTree:prePrune ├── path-key@2.0.1
38 silly idealTree:prePrune ├── path-to-regexp@0.1.7
38 silly idealTree:prePrune ├── pause-stream@0.0.11
38 silly idealTree:prePrune ├── pause@0.0.1
38 silly idealTree:prePrune ├── performance-now@2.1.0
38 silly idealTree:prePrune ├── pify@3.0.0
38 silly idealTree:prePrune ├── platform@1.3.5
38 silly idealTree:prePrune ├── posix-character-classes@0.1.1
38 silly idealTree:prePrune ├── prepend-http@1.0.4
38 silly idealTree:prePrune ├── process-nextick-args@2.0.0
38 silly idealTree:prePrune ├── proxy-addr@2.0.3
38 silly idealTree:prePrune ├── ps-tree@1.1.0
38 silly idealTree:prePrune ├── pseudomap@1.0.2
38 silly idealTree:prePrune ├── pstree.remy@1.1.0
38 silly idealTree:prePrune ├── punycode@1.4.1
38 silly idealTree:prePrune ├── qs@6.5.1
38 silly idealTree:prePrune ├── random-bytes@1.0.0
38 silly idealTree:prePrune ├── range-parser@1.2.0
38 silly idealTree:prePrune ├── raw-body@2.3.2
38 silly idealTree:prePrune ├─┬ rc@1.2.6
38 silly idealTree:prePrune │ └── minimist@1.2.0
38 silly idealTree:prePrune ├── readable-stream@2.3.5
38 silly idealTree:prePrune ├── readdirp@2.1.0
38 silly idealTree:prePrune ├── referrer-policy@1.1.0
38 silly idealTree:prePrune ├── regex-not@1.0.2
38 silly idealTree:prePrune ├── regexp-clone@0.0.1
38 silly idealTree:prePrune ├── registry-auth-token@3.3.2
38 silly idealTree:prePrune ├── registry-url@3.1.0
38 silly idealTree:prePrune ├── remove-trailing-separator@1.1.0
38 silly idealTree:prePrune ├── repeat-element@1.1.2
38 silly idealTree:prePrune ├── repeat-string@1.6.1
38 silly idealTree:prePrune ├── request@2.85.0
38 silly idealTree:prePrune ├── require_optional@1.0.1
38 silly idealTree:prePrune ├── resolve-from@2.0.0
38 silly idealTree:prePrune ├── resolve-url@0.2.1
38 silly idealTree:prePrune ├── ret@0.1.15
38 silly idealTree:prePrune ├── rimraf@2.6.2
38 silly idealTree:prePrune ├── safe-buffer@5.1.1
38 silly idealTree:prePrune ├── safe-regex@1.1.0
38 silly idealTree:prePrune ├── semver-diff@2.1.0
38 silly idealTree:prePrune ├── semver@5.5.0
38 silly idealTree:prePrune ├── send@0.16.2
38 silly idealTree:prePrune ├─┬ serve-favicon@2.5.0
38 silly idealTree:prePrune │ └── ms@2.1.1
38 silly idealTree:prePrune ├── serve-static@1.13.2
38 silly idealTree:prePrune ├── set-blocking@2.0.0
38 silly idealTree:prePrune ├── set-immediate-shim@1.0.1
38 silly idealTree:prePrune ├─┬ set-value@2.0.0
38 silly idealTree:prePrune │ └── extend-shallow@2.0.1
38 silly idealTree:prePrune ├── setprototypeof@1.1.0
38 silly idealTree:prePrune ├── shebang-command@1.2.0
38 silly idealTree:prePrune ├── shebang-regex@1.0.0
38 silly idealTree:prePrune ├── signal-exit@3.0.2
38 silly idealTree:prePrune ├── sliced@1.0.1
38 silly idealTree:prePrune ├─┬ snapdragon-node@2.1.1
38 silly idealTree:prePrune │ ├── define-property@1.0.0
38 silly idealTree:prePrune │ ├── is-accessor-descriptor@1.0.0
38 silly idealTree:prePrune │ ├── is-data-descriptor@1.0.0
38 silly idealTree:prePrune │ └── is-descriptor@1.0.2
38 silly idealTree:prePrune ├─┬ snapdragon-util@3.0.1
38 silly idealTree:prePrune │ └── kind-of@3.2.2
38 silly idealTree:prePrune ├─┬ snapdragon@0.8.2
38 silly idealTree:prePrune │ ├── define-property@0.2.5
38 silly idealTree:prePrune │ └── extend-shallow@2.0.1
38 silly idealTree:prePrune ├── sntp@2.1.0
38 silly idealTree:prePrune ├── source-map-resolve@0.5.1
38 silly idealTree:prePrune ├── source-map-url@0.4.0
38 silly idealTree:prePrune ├── source-map@0.5.7
38 silly idealTree:prePrune ├── split-string@3.1.0
38 silly idealTree:prePrune ├── split@0.3.3
38 silly idealTree:prePrune ├── sshpk@1.14.1
38 silly idealTree:prePrune ├── stack-trace@0.0.10
38 silly idealTree:prePrune ├─┬ static-extend@0.1.2
38 silly idealTree:prePrune │ └── define-property@0.2.5
38 silly idealTree:prePrune ├── statuses@1.4.0
38 silly idealTree:prePrune ├── stream-combiner@0.0.4
38 silly idealTree:prePrune ├── string_decoder@1.0.3
38 silly idealTree:prePrune ├── string-width@1.0.2
38 silly idealTree:prePrune ├── stringstream@0.0.5
38 silly idealTree:prePrune ├── strip-ansi@3.0.1
38 silly idealTree:prePrune ├── strip-eof@1.0.0
38 silly idealTree:prePrune ├── strip-json-comments@2.0.1
38 silly idealTree:prePrune ├── supports-color@5.4.0
38 silly idealTree:prePrune ├── tar-pack@3.4.1
38 silly idealTree:prePrune ├── tar@2.2.1
38 silly idealTree:prePrune ├── term-size@1.2.0
38 silly idealTree:prePrune ├── through@2.3.8
38 silly idealTree:prePrune ├── timed-out@4.0.1
38 silly idealTree:prePrune ├─┬ to-object-path@0.3.0
38 silly idealTree:prePrune │ └── kind-of@3.2.2
38 silly idealTree:prePrune ├── to-regex-range@2.1.1
38 silly idealTree:prePrune ├── to-regex@3.0.2
38 silly idealTree:prePrune ├─┬ touch@3.1.0
38 silly idealTree:prePrune │ └── nopt@1.0.10
38 silly idealTree:prePrune ├── tough-cookie@2.3.4
38 silly idealTree:prePrune ├── tunnel-agent@0.6.0
38 silly idealTree:prePrune ├── tweetnacl@0.14.5
38 silly idealTree:prePrune ├── type-is@1.6.16
38 silly idealTree:prePrune ├── uid-number@0.0.6
38 silly idealTree:prePrune ├── uid-safe@2.1.5
38 silly idealTree:prePrune ├── undefsafe@2.0.2
38 silly idealTree:prePrune ├─┬ union-value@1.0.0
38 silly idealTree:prePrune │ ├── extend-shallow@2.0.1
38 silly idealTree:prePrune │ └── set-value@0.4.3
38 silly idealTree:prePrune ├── unique-string@1.0.0
38 silly idealTree:prePrune ├── unpipe@1.0.0
38 silly idealTree:prePrune ├─┬ unset-value@1.0.0
38 silly idealTree:prePrune │ ├─┬ has-value@0.3.1
38 silly idealTree:prePrune │ │ └── isobject@2.1.0
38 silly idealTree:prePrune │ └── has-values@0.1.4
38 silly idealTree:prePrune ├── unzip-response@2.0.1
38 silly idealTree:prePrune ├── upath@1.0.4
38 silly idealTree:prePrune ├── update-notifier@2.5.0
38 silly idealTree:prePrune ├── urix@0.1.0
38 silly idealTree:prePrune ├── url-parse-lax@1.0.0
38 silly idealTree:prePrune ├── use@3.1.0
38 silly idealTree:prePrune ├── util-deprecate@1.0.2
38 silly idealTree:prePrune ├── utils-merge@1.0.1
38 silly idealTree:prePrune ├── uuid@3.2.1
38 silly idealTree:prePrune ├── vary@1.1.2
38 silly idealTree:prePrune ├── verror@1.10.0
38 silly idealTree:prePrune ├── which@1.3.0
38 silly idealTree:prePrune ├── wide-align@1.1.2
38 silly idealTree:prePrune ├─┬ widest-line@2.0.0
38 silly idealTree:prePrune │ ├── ansi-regex@3.0.0
38 silly idealTree:prePrune │ ├── is-fullwidth-code-point@2.0.0
38 silly idealTree:prePrune │ ├── string-width@2.1.1
38 silly idealTree:prePrune │ └── strip-ansi@4.0.0
38 silly idealTree:prePrune ├─┬ winston@2.4.2
38 silly idealTree:prePrune │ └── async@1.0.0
38 silly idealTree:prePrune ├── wrappy@1.0.2
38 silly idealTree:prePrune ├── write-file-atomic@2.3.0
38 silly idealTree:prePrune ├── x-xss-protection@1.1.0
38 silly idealTree:prePrune ├── xdg-basedir@3.0.0
38 silly idealTree:prePrune └── xtend@4.0.1
39 silly loadIdealTree Finishing
40 silly currentTree devchat@1.0.0
40 silly currentTree ├── abbrev@1.1.1
40 silly currentTree ├── accepts@1.3.5
40 silly currentTree ├── ajv@5.5.2
40 silly currentTree ├─┬ ansi-align@2.0.0
40 silly currentTree │ ├── ansi-regex@3.0.0
40 silly currentTree │ ├── is-fullwidth-code-point@2.0.0
40 silly currentTree │ ├── string-width@2.1.1
40 silly currentTree │ └── strip-ansi@4.0.0
40 silly currentTree ├── ansi-regex@2.1.1
40 silly currentTree ├── ansi-styles@3.2.1
40 silly currentTree ├── anymatch@2.0.0
40 silly currentTree ├── aproba@1.2.0
40 silly currentTree ├── are-we-there-yet@1.1.4
40 silly currentTree ├── arr-diff@4.0.0
40 silly currentTree ├── arr-flatten@1.1.0
40 silly currentTree ├── arr-union@3.1.0
40 silly currentTree ├── array-flatten@1.1.1
40 silly currentTree ├── array-unique@0.3.2
40 silly currentTree ├── asn1@0.2.3
40 silly currentTree ├── assert-plus@1.0.0
40 silly currentTree ├── assign-symbols@1.0.0
40 silly currentTree ├── async-each@1.0.1
40 silly currentTree ├── async@2.1.4
40 silly currentTree ├── asynckit@0.4.0
40 silly currentTree ├── atob@2.1.0
40 silly currentTree ├── aws-sign2@0.7.0
40 silly currentTree ├── aws4@1.6.0
40 silly currentTree ├── balanced-match@1.0.0
40 silly currentTree ├─┬ base@0.11.2
40 silly currentTree │ ├── define-property@1.0.0
40 silly currentTree │ ├── is-accessor-descriptor@1.0.0
40 silly currentTree │ ├── is-data-descriptor@1.0.0
40 silly currentTree │ └── is-descriptor@1.0.2
40 silly currentTree ├── base64-url@1.3.3
40 silly currentTree ├── base64url@2.0.0
40 silly currentTree ├── basic-auth@2.0.0
40 silly currentTree ├── bcrypt-nodejs@0.0.3
40 silly currentTree ├── bcrypt-pbkdf@1.0.1
40 silly currentTree ├── bcrypt@1.0.3
40 silly currentTree ├── binary-extensions@1.11.0
40 silly currentTree ├── block-stream@0.0.9
40 silly currentTree ├── bluebird@3.5.0
40 silly currentTree ├── body-parser@1.18.2
40 silly currentTree ├── boom@4.3.1
40 silly currentTree ├─┬ boxen@1.3.0
40 silly currentTree │ ├── ansi-regex@3.0.0
40 silly currentTree │ ├── is-fullwidth-code-point@2.0.0
40 silly currentTree │ ├── string-width@2.1.1
40 silly currentTree │ └── strip-ansi@4.0.0
40 silly currentTree ├── brace-expansion@1.1.11
40 silly currentTree ├─┬ braces@2.3.2
40 silly currentTree │ └── extend-shallow@2.0.1
40 silly currentTree ├── bson@1.0.6
40 silly currentTree ├── buffer-equal-constant-time@1.0.1
40 silly currentTree ├── bytes@3.0.0
40 silly currentTree ├── cache-base@1.0.1
40 silly currentTree ├── camelcase@4.1.0
40 silly currentTree ├── camelize@1.0.0
40 silly currentTree ├── capture-stack-trace@1.0.0
40 silly currentTree ├── caseless@0.12.0
40 silly currentTree ├── chalk@2.4.0
40 silly currentTree ├── chokidar@2.0.3
40 silly currentTree ├── ci-info@1.1.3
40 silly currentTree ├─┬ class-utils@0.3.6
40 silly currentTree │ └── define-property@0.2.5
40 silly currentTree ├── cli-boxes@1.0.0
40 silly currentTree ├── co@4.6.0
40 silly currentTree ├── code-point-at@1.1.0
40 silly currentTree ├── collection-visit@1.0.0
40 silly currentTree ├── color-convert@1.9.1
40 silly currentTree ├── color-name@1.1.3
40 silly currentTree ├── colors@1.0.3
40 silly currentTree ├── combined-stream@1.0.6
40 silly currentTree ├── component-emitter@1.2.1
40 silly currentTree ├── concat-map@0.0.1
40 silly currentTree ├── configstore@3.1.2
40 silly currentTree ├── console-control-strings@1.1.0
40 silly currentTree ├── content-disposition@0.5.2
40 silly currentTree ├── content-security-policy-builder@2.0.0
40 silly currentTree ├── content-type@1.0.4
40 silly currentTree ├── cookie-parser@1.4.3
40 silly currentTree ├── cookie-signature@1.0.6
40 silly currentTree ├── cookie@0.3.1
40 silly currentTree ├── copy-descriptor@0.1.1
40 silly currentTree ├── core-util-is@1.0.2
40 silly currentTree ├── crc@3.4.4
40 silly currentTree ├── create-error-class@3.0.2
40 silly currentTree ├── cross-spawn@5.1.0
40 silly currentTree ├─┬ cryptiles@3.1.2
40 silly currentTree │ └── boom@5.2.0
40 silly currentTree ├── crypto-random-string@1.0.0
40 silly currentTree ├── crypto@1.0.1
40 silly currentTree ├── cycle@1.0.3
40 silly currentTree ├── dashdash@1.14.1
40 silly currentTree ├── dasherize@2.0.0
40 silly currentTree ├── debug@2.6.9
40 silly currentTree ├── decode-uri-component@0.2.0
40 silly currentTree ├── deep-extend@0.4.2
40 silly currentTree ├─┬ define-property@2.0.2
40 silly currentTree │ ├── is-accessor-descriptor@1.0.0
40 silly currentTree │ ├── is-data-descriptor@1.0.0
40 silly currentTree │ └── is-descriptor@1.0.2
40 silly currentTree ├── delayed-stream@1.0.0
40 silly currentTree ├── delegates@1.0.0
40 silly currentTree ├── depd@1.1.2
40 silly currentTree ├── destroy@1.0.4
40 silly currentTree ├── dns-prefetch-control@0.1.0
40 silly currentTree ├── dont-sniff-mimetype@1.0.0
40 silly currentTree ├── dot-prop@4.2.0
40 silly currentTree ├── duplexer@0.1.1
40 silly currentTree ├── duplexer3@0.1.4
40 silly currentTree ├── ecc-jsbn@0.1.1
40 silly currentTree ├── ecdsa-sig-formatter@1.0.9
40 silly currentTree ├── ee-first@1.1.1
40 silly currentTree ├── ejs@2.5.9
40 silly currentTree ├── encodeurl@1.0.2
40 silly currentTree ├── escape-html@1.0.3
40 silly currentTree ├── escape-string-regexp@1.0.5
40 silly currentTree ├── etag@1.8.1
40 silly currentTree ├── event-stream@3.3.4
40 silly currentTree ├── execa@0.7.0
40 silly currentTree ├─┬ expand-brackets@2.1.4
40 silly currentTree │ ├── define-property@0.2.5
40 silly currentTree │ └── extend-shallow@2.0.1
40 silly currentTree ├── expect-ct@0.1.0
40 silly currentTree ├── express-session@1.15.6
40 silly currentTree ├── express@4.16.3
40 silly currentTree ├─┬ extend-shallow@3.0.2
40 silly currentTree │ └── is-extendable@1.0.1
40 silly currentTree ├── extend@3.0.1
40 silly currentTree ├─┬ extglob@2.0.4
40 silly currentTree │ ├── define-property@1.0.0
40 silly currentTree │ ├── extend-shallow@2.0.1
40 silly currentTree │ ├── is-accessor-descriptor@1.0.0
40 silly currentTree │ ├── is-data-descriptor@1.0.0
40 silly currentTree │ └── is-descriptor@1.0.2
40 silly currentTree ├── extsprintf@1.3.0
40 silly currentTree ├── eyes@0.1.8
40 silly currentTree ├── fast-deep-equal@1.1.0
40 silly currentTree ├── fast-json-stable-stringify@2.0.0
40 silly currentTree ├─┬ fill-range@4.0.0
40 silly currentTree │ └── extend-shallow@2.0.1
40 silly currentTree ├── finalhandler@1.1.1
40 silly currentTree ├── for-in@1.0.2
40 silly currentTree ├── forever-agent@0.6.1
40 silly currentTree ├── form-data@2.3.2
40 silly currentTree ├── forwarded@0.1.2
40 silly currentTree ├── fragment-cache@0.2.1
40 silly currentTree ├── frameguard@3.0.0
40 silly currentTree ├── fresh@0.5.2
40 silly currentTree ├── from@0.1.7
40 silly currentTree ├── fs.realpath@1.0.0
40 silly currentTree ├── fs@0.0.1-security
40 silly currentTree ├── fstream-ignore@1.0.5
40 silly currentTree ├── fstream@1.0.11
40 silly currentTree ├── gauge@2.7.4
40 silly currentTree ├── get-stream@3.0.0
40 silly currentTree ├── get-value@2.0.6
40 silly currentTree ├── getpass@0.1.7
40 silly currentTree ├─┬ glob-parent@3.1.0
40 silly currentTree │ └── is-glob@3.1.0
40 silly currentTree ├── glob@7.1.2
40 silly currentTree ├── global-dirs@0.1.1
40 silly currentTree ├── got@6.7.1
40 silly currentTree ├── graceful-fs@4.1.11
40 silly currentTree ├── har-schema@2.0.0
40 silly currentTree ├── har-validator@5.0.3
40 silly currentTree ├── has-flag@3.0.0
40 silly currentTree ├── has-unicode@2.0.1
40 silly currentTree ├── has-value@1.0.0
40 silly currentTree ├─┬ has-values@1.0.0
40 silly currentTree │ └── kind-of@4.0.0
40 silly currentTree ├── hawk@6.0.2
40 silly currentTree ├── helmet-csp@2.7.0
40 silly currentTree ├── helmet@3.12.0
40 silly currentTree ├── hide-powered-by@1.0.0
40 silly currentTree ├── hoek@4.2.1
40 silly currentTree ├── hpkp@2.0.0
40 silly currentTree ├── hsts@2.1.0
40 silly currentTree ├─┬ http-errors@1.6.2
40 silly currentTree │ ├── depd@1.1.1
40 silly currentTree │ └── setprototypeof@1.0.3
40 silly currentTree ├── http-signature@1.2.0
40 silly currentTree ├── iconv-lite@0.4.19
40 silly currentTree ├── ienoopen@1.0.0
40 silly currentTree ├── ignore-by-default@1.0.1
40 silly currentTree ├── import-lazy@2.1.0
40 silly currentTree ├── imurmurhash@0.1.4
40 silly currentTree ├── inflight@1.0.6
40 silly currentTree ├── inherits@2.0.3
40 silly currentTree ├── ini@1.3.5
40 silly currentTree ├── ipaddr.js@1.6.0
40 silly currentTree ├─┬ is-accessor-descriptor@0.1.6
40 silly currentTree │ └── kind-of@3.2.2
40 silly currentTree ├── is-binary-path@1.0.1
40 silly currentTree ├── is-buffer@1.1.6
40 silly currentTree ├── is-ci@1.1.0
40 silly currentTree ├─┬ is-data-descriptor@0.1.4
40 silly currentTree │ └── kind-of@3.2.2
40 silly currentTree ├─┬ is-descriptor@0.1.6
40 silly currentTree │ └── kind-of@5.1.0
40 silly currentTree ├── is-extendable@0.1.1
40 silly currentTree ├── is-extglob@2.1.1
40 silly currentTree ├── is-fullwidth-code-point@1.0.0
40 silly currentTree ├── is-glob@4.0.0
40 silly currentTree ├── is-installed-globally@0.1.0
40 silly currentTree ├── is-npm@1.0.0
40 silly currentTree ├─┬ is-number@3.0.0
40 silly currentTree │ └── kind-of@3.2.2
40 silly currentTree ├── is-obj@1.0.1
40 silly currentTree ├─┬ is-odd@2.0.0
40 silly currentTree │ └── is-number@4.0.0
40 silly currentTree ├── is-path-inside@1.0.1
40 silly currentTree ├── is-plain-object@2.0.4
40 silly currentTree ├── is-redirect@1.0.0
40 silly currentTree ├── is-retry-allowed@1.1.0
40 silly currentTree ├── is-stream@1.1.0
40 silly currentTree ├── is-typedarray@1.0.0
40 silly currentTree ├── is-windows@1.0.2
40 silly currentTree ├── is.object@1.0.0
40 silly currentTree ├── isarray@1.0.0
40 silly currentTree ├── isexe@2.0.0
40 silly currentTree ├── isobject@3.0.1
40 silly currentTree ├── isstream@0.1.2
40 silly currentTree ├── jsbn@0.1.1
40 silly currentTree ├── json-parse-safe@1.0.5
40 silly currentTree ├── json-schema-traverse@0.3.1
40 silly currentTree ├── json-schema@0.2.3
40 silly currentTree ├── json-stringify-safe@5.0.1
40 silly currentTree ├── json-web-token@2.1.3
40 silly currentTree ├─┬ jsonwebtoken@8.2.1
40 silly currentTree │ └── ms@2.1.1
40 silly currentTree ├── jsprim@1.4.1
40 silly currentTree ├── jwa@1.1.5
40 silly currentTree ├── jws@3.1.4
40 silly currentTree ├── kareem@2.0.6
40 silly currentTree ├── kind-of@6.0.2
40 silly currentTree ├── latest-version@3.1.0
40 silly currentTree ├── lodash.get@4.4.2
40 silly currentTree ├── lodash.includes@4.3.0
40 silly currentTree ├── lodash.isboolean@3.0.3
40 silly currentTree ├── lodash.isinteger@4.0.4
40 silly currentTree ├── lodash.isnumber@3.0.3
40 silly currentTree ├── lodash.isplainobject@4.0.6
40 silly currentTree ├── lodash.isstring@4.0.1
40 silly currentTree ├── lodash.once@4.1.1
40 silly currentTree ├── lodash.reduce@4.6.0
40 silly currentTree ├── lodash@4.17.10
40 silly currentTree ├── lowercase-keys@1.0.1
40 silly currentTree ├─┬ lru-cache@4.1.2
40 silly currentTree │ └── yallist@2.1.2
40 silly currentTree ├── make-dir@1.2.0
40 silly currentTree ├── map-cache@0.2.2
40 silly currentTree ├── map-stream@0.1.0
40 silly currentTree ├── map-visit@1.0.0
40 silly currentTree ├── media-typer@0.3.0
40 silly currentTree ├── merge-descriptors@1.0.1
40 silly currentTree ├── methods@1.1.2
40 silly currentTree ├── micromatch@3.1.10
40 silly currentTree ├── mime-db@1.33.0
40 silly currentTree ├── mime-types@2.1.18
40 silly currentTree ├── mime@1.4.1
40 silly currentTree ├── minimatch@3.0.4
40 silly currentTree ├── minimist@0.0.8
40 silly currentTree ├─┬ mixin-deep@1.3.1
40 silly currentTree │ └── is-extendable@1.0.1
40 silly currentTree ├── mkdirp@0.5.1
40 silly currentTree ├── mongodb-core@3.0.7
40 silly currentTree ├── mongodb@3.0.7
40 silly currentTree ├── mongoose-legacy-pluralize@1.0.2
40 silly currentTree ├── mongoose@5.0.16
40 silly currentTree ├── morgan@1.9.0
40 silly currentTree ├── mpath@0.4.1
40 silly currentTree ├─┬ mquery@3.0.0
40 silly currentTree │ └── sliced@0.0.5
40 silly currentTree ├── ms@2.0.0
40 silly currentTree ├── nan@2.6.2
40 silly currentTree ├── nanomatch@1.2.9
40 silly currentTree ├── negotiator@0.6.1
40 silly currentTree ├── nocache@2.0.0
40 silly currentTree ├── node-pre-gyp@0.6.36
40 silly currentTree ├─┬ nodemon@1.17.3
40 silly currentTree │ └── debug@3.1.0
40 silly currentTree ├── nopt@4.0.1
40 silly currentTree ├── normalize-path@2.1.1
40 silly currentTree ├── npm-run-path@2.0.2
40 silly currentTree ├── npmlog@4.1.2
40 silly currentTree ├── number-is-nan@1.0.1
40 silly currentTree ├── oauth-sign@0.8.2
40 silly currentTree ├── object-assign@4.1.1
40 silly currentTree ├─┬ object-copy@0.1.0
40 silly currentTree │ ├── define-property@0.2.5
40 silly currentTree │ └── kind-of@3.2.2
40 silly currentTree ├── object-visit@1.0.1
40 silly currentTree ├── object.pick@1.3.0
40 silly currentTree ├── on-finished@2.3.0
40 silly currentTree ├── on-headers@1.0.1
40 silly currentTree ├── once@1.4.0
40 silly currentTree ├── os-homedir@1.0.2
40 silly currentTree ├── os-tmpdir@1.0.2
40 silly currentTree ├── osenv@0.1.5
40 silly currentTree ├── p-finally@1.0.0
40 silly currentTree ├── package-json@4.0.1
40 silly currentTree ├── parseurl@1.3.2
40 silly currentTree ├── pascalcase@0.1.1
40 silly currentTree ├── passport-local@1.0.0
40 silly currentTree ├── passport-strategy@1.0.0
40 silly currentTree ├── passport@0.4.0
40 silly currentTree ├── path-dirname@1.0.2
40 silly currentTree ├── path-is-absolute@1.0.1
40 silly currentTree ├── path-is-inside@1.0.2
40 silly currentTree ├── path-key@2.0.1
40 silly currentTree ├── path-to-regexp@0.1.7
40 silly currentTree ├── pause-stream@0.0.11
40 silly currentTree ├── pause@0.0.1
40 silly currentTree ├── performance-now@2.1.0
40 silly currentTree ├── pify@3.0.0
40 silly currentTree ├── platform@1.3.5
40 silly currentTree ├── posix-character-classes@0.1.1
40 silly currentTree ├── prepend-http@1.0.4
40 silly currentTree ├── process-nextick-args@2.0.0
40 silly currentTree ├── proxy-addr@2.0.3
40 silly currentTree ├── ps-tree@1.1.0
40 silly currentTree ├── pseudomap@1.0.2
40 silly currentTree ├── pstree.remy@1.1.0
40 silly currentTree ├── punycode@1.4.1
40 silly currentTree ├── qs@6.5.1
40 silly currentTree ├── random-bytes@1.0.0
40 silly currentTree ├── range-parser@1.2.0
40 silly currentTree ├── raw-body@2.3.2
40 silly currentTree ├─┬ rc@1.2.6
40 silly currentTree │ └── minimist@1.2.0
40 silly currentTree ├── readable-stream@2.3.5
40 silly currentTree ├── readdirp@2.1.0
40 silly currentTree ├── referrer-policy@1.1.0
40 silly currentTree ├── regex-not@1.0.2
40 silly currentTree ├── regexp-clone@0.0.1
40 silly currentTree ├── registry-auth-token@3.3.2
40 silly currentTree ├── registry-url@3.1.0
40 silly currentTree ├── remove-trailing-separator@1.1.0
40 silly currentTree ├── repeat-element@1.1.2
40 silly currentTree ├── repeat-string@1.6.1
40 silly currentTree ├── request@2.85.0
40 silly currentTree ├── require_optional@1.0.1
40 silly currentTree ├── resolve-from@2.0.0
40 silly currentTree ├── resolve-url@0.2.1
40 silly currentTree ├── ret@0.1.15
40 silly currentTree ├── rimraf@2.6.2
40 silly currentTree ├── safe-buffer@5.1.1
40 silly currentTree ├── safe-regex@1.1.0
40 silly currentTree ├── semver-diff@2.1.0
40 silly currentTree ├── semver@5.5.0
40 silly currentTree ├── send@0.16.2
40 silly currentTree ├─┬ serve-favicon@2.5.0
40 silly currentTree │ └── ms@2.1.1
40 silly currentTree ├── serve-static@1.13.2
40 silly currentTree ├── set-blocking@2.0.0
40 silly currentTree ├── set-immediate-shim@1.0.1
40 silly currentTree ├─┬ set-value@2.0.0
40 silly currentTree │ └── extend-shallow@2.0.1
40 silly currentTree ├── setprototypeof@1.1.0
40 silly currentTree ├── shebang-command@1.2.0
40 silly currentTree ├── shebang-regex@1.0.0
40 silly currentTree ├── signal-exit@3.0.2
40 silly currentTree ├── sliced@1.0.1
40 silly currentTree ├─┬ snapdragon-node@2.1.1
40 silly currentTree │ ├── define-property@1.0.0
40 silly currentTree │ ├── is-accessor-descriptor@1.0.0
40 silly currentTree │ ├── is-data-descriptor@1.0.0
40 silly currentTree │ └── is-descriptor@1.0.2
40 silly currentTree ├─┬ snapdragon-util@3.0.1
40 silly currentTree │ └── kind-of@3.2.2
40 silly currentTree ├─┬ snapdragon@0.8.2
40 silly currentTree │ ├── define-property@0.2.5
40 silly currentTree │ └── extend-shallow@2.0.1
40 silly currentTree ├── sntp@2.1.0
40 silly currentTree ├── source-map-resolve@0.5.1
40 silly currentTree ├── source-map-url@0.4.0
40 silly currentTree ├── source-map@0.5.7
40 silly currentTree ├── split-string@3.1.0
40 silly currentTree ├── split@0.3.3
40 silly currentTree ├── sshpk@1.14.1
40 silly currentTree ├── stack-trace@0.0.10
40 silly currentTree ├─┬ static-extend@0.1.2
40 silly currentTree │ └── define-property@0.2.5
40 silly currentTree ├── statuses@1.4.0
40 silly currentTree ├── stream-combiner@0.0.4
40 silly currentTree ├── string_decoder@1.0.3
40 silly currentTree ├── string-width@1.0.2
40 silly currentTree ├── stringstream@0.0.5
40 silly currentTree ├── strip-ansi@3.0.1
40 silly currentTree ├── strip-eof@1.0.0
40 silly currentTree ├── strip-json-comments@2.0.1
40 silly currentTree ├── supports-color@5.4.0
40 silly currentTree ├── tar-pack@3.4.1
40 silly currentTree ├── tar@2.2.1
40 silly currentTree ├── term-size@1.2.0
40 silly currentTree ├── through@2.3.8
40 silly currentTree ├── timed-out@4.0.1
40 silly currentTree ├─┬ to-object-path@0.3.0
40 silly currentTree │ └── kind-of@3.2.2
40 silly currentTree ├── to-regex-range@2.1.1
40 silly currentTree ├── to-regex@3.0.2
40 silly currentTree ├─┬ touch@3.1.0
40 silly currentTree │ └── nopt@1.0.10
40 silly currentTree ├── tough-cookie@2.3.4
40 silly currentTree ├── tunnel-agent@0.6.0
40 silly currentTree ├── tweetnacl@0.14.5
40 silly currentTree ├── type-is@1.6.16
40 silly currentTree ├── uid-number@0.0.6
40 silly currentTree ├── uid-safe@2.1.5
40 silly currentTree ├── undefsafe@2.0.2
40 silly currentTree ├─┬ union-value@1.0.0
40 silly currentTree │ ├── extend-shallow@2.0.1
40 silly currentTree │ └── set-value@0.4.3
40 silly currentTree ├── unique-string@1.0.0
40 silly currentTree ├── unpipe@1.0.0
40 silly currentTree ├─┬ unset-value@1.0.0
40 silly currentTree │ ├─┬ has-value@0.3.1
40 silly currentTree │ │ └── isobject@2.1.0
40 silly currentTree │ └── has-values@0.1.4
40 silly currentTree ├── unzip-response@2.0.1
40 silly currentTree ├── upath@1.0.4
40 silly currentTree ├── update-notifier@2.5.0
40 silly currentTree ├── urix@0.1.0
40 silly currentTree ├── url-parse-lax@1.0.0
40 silly currentTree ├── use@3.1.0
40 silly currentTree ├── util-deprecate@1.0.2
40 silly currentTree ├── utils-merge@1.0.1
40 silly currentTree ├── uuid@3.2.1
40 silly currentTree ├── vary@1.1.2
40 silly currentTree ├── verror@1.10.0
40 silly currentTree ├── which@1.3.0
40 silly currentTree ├── wide-align@1.1.2
40 silly currentTree ├─┬ widest-line@2.0.0
40 silly currentTree │ ├── ansi-regex@3.0.0
40 silly currentTree │ ├── is-fullwidth-code-point@2.0.0
40 silly currentTree │ ├── string-width@2.1.1
40 silly currentTree │ └── strip-ansi@4.0.0
40 silly currentTree ├─┬ winston@2.4.2
40 silly currentTree │ └── async@1.0.0
40 silly currentTree ├── wrappy@1.0.2
40 silly currentTree ├── write-file-atomic@2.3.0
40 silly currentTree ├── x-xss-protection@1.1.0
40 silly currentTree ├── xdg-basedir@3.0.0
40 silly currentTree └── xtend@4.0.1
41 silly idealTree devchat@1.0.0
41 silly idealTree ├── abbrev@1.1.1
41 silly idealTree ├── accepts@1.3.5
41 silly idealTree ├── ajv@5.5.2
41 silly idealTree ├─┬ ansi-align@2.0.0
41 silly idealTree │ ├── ansi-regex@3.0.0
41 silly idealTree │ ├── is-fullwidth-code-point@2.0.0
41 silly idealTree │ ├── string-width@2.1.1
41 silly idealTree │ └── strip-ansi@4.0.0
41 silly idealTree ├── ansi-regex@2.1.1
41 silly idealTree ├── ansi-styles@3.2.1
41 silly idealTree ├── anymatch@2.0.0
41 silly idealTree ├── aproba@1.2.0
41 silly idealTree ├── are-we-there-yet@1.1.4
41 silly idealTree ├── arr-diff@4.0.0
41 silly idealTree ├── arr-flatten@1.1.0
41 silly idealTree ├── arr-union@3.1.0
41 silly idealTree ├── array-flatten@1.1.1
41 silly idealTree ├── array-unique@0.3.2
41 silly idealTree ├── asn1@0.2.3
41 silly idealTree ├── assert-plus@1.0.0
41 silly idealTree ├── assign-symbols@1.0.0
41 silly idealTree ├── async-each@1.0.1
41 silly idealTree ├── async@2.1.4
41 silly idealTree ├── asynckit@0.4.0
41 silly idealTree ├── atob@2.1.0
41 silly idealTree ├── aws-sign2@0.7.0
41 silly idealTree ├── aws4@1.6.0
41 silly idealTree ├── balanced-match@1.0.0
41 silly idealTree ├─┬ base@0.11.2
41 silly idealTree │ ├── define-property@1.0.0
41 silly idealTree │ ├── is-accessor-descriptor@1.0.0
41 silly idealTree │ ├── is-data-descriptor@1.0.0
41 silly idealTree │ └── is-descriptor@1.0.2
41 silly idealTree ├── base64-url@1.3.3
41 silly idealTree ├── base64url@2.0.0
41 silly idealTree ├── basic-auth@2.0.0
41 silly idealTree ├── bcrypt-nodejs@0.0.3
41 silly idealTree ├── bcrypt-pbkdf@1.0.1
41 silly idealTree ├── bcrypt@1.0.3
41 silly idealTree ├── binary-extensions@1.11.0
41 silly idealTree ├── block-stream@0.0.9
41 silly idealTree ├── bluebird@3.5.0
41 silly idealTree ├── body-parser@1.18.2
41 silly idealTree ├── boom@4.3.1
41 silly idealTree ├─┬ boxen@1.3.0
41 silly idealTree │ ├── ansi-regex@3.0.0
41 silly idealTree │ ├── is-fullwidth-code-point@2.0.0
41 silly idealTree │ ├── string-width@2.1.1
41 silly idealTree │ └── strip-ansi@4.0.0
41 silly idealTree ├── brace-expansion@1.1.11
41 silly idealTree ├─┬ braces@2.3.2
41 silly idealTree │ └── extend-shallow@2.0.1
41 silly idealTree ├── bson@1.0.6
41 silly idealTree ├── buffer-equal-constant-time@1.0.1
41 silly idealTree ├── bytes@3.0.0
41 silly idealTree ├── cache-base@1.0.1
41 silly idealTree ├── camelcase@4.1.0
41 silly idealTree ├── camelize@1.0.0
41 silly idealTree ├── capture-stack-trace@1.0.0
41 silly idealTree ├── caseless@0.12.0
41 silly idealTree ├── chalk@2.4.0
41 silly idealTree ├── chokidar@2.0.3
41 silly idealTree ├── ci-info@1.1.3
41 silly idealTree ├─┬ class-utils@0.3.6
41 silly idealTree │ └── define-property@0.2.5
41 silly idealTree ├── cli-boxes@1.0.0
41 silly idealTree ├── co@4.6.0
41 silly idealTree ├── code-point-at@1.1.0
41 silly idealTree ├── collection-visit@1.0.0
41 silly idealTree ├── color-convert@1.9.1
41 silly idealTree ├── color-name@1.1.3
41 silly idealTree ├── colors@1.0.3
41 silly idealTree ├── combined-stream@1.0.6
41 silly idealTree ├── component-emitter@1.2.1
41 silly idealTree ├── concat-map@0.0.1
41 silly idealTree ├── configstore@3.1.2
41 silly idealTree ├── console-control-strings@1.1.0
41 silly idealTree ├── content-disposition@0.5.2
41 silly idealTree ├── content-security-policy-builder@2.0.0
41 silly idealTree ├── content-type@1.0.4
41 silly idealTree ├── cookie-parser@1.4.3
41 silly idealTree ├── cookie-signature@1.0.6
41 silly idealTree ├── cookie@0.3.1
41 silly idealTree ├── copy-descriptor@0.1.1
41 silly idealTree ├── core-util-is@1.0.2
41 silly idealTree ├── crc@3.4.4
41 silly idealTree ├── create-error-class@3.0.2
41 silly idealTree ├── cross-spawn@5.1.0
41 silly idealTree ├─┬ cryptiles@3.1.2
41 silly idealTree │ └── boom@5.2.0
41 silly idealTree ├── crypto-random-string@1.0.0
41 silly idealTree ├── crypto@1.0.1
41 silly idealTree ├── cycle@1.0.3
41 silly idealTree ├── dashdash@1.14.1
41 silly idealTree ├── dasherize@2.0.0
41 silly idealTree ├── debug@2.6.9
41 silly idealTree ├── decode-uri-component@0.2.0
41 silly idealTree ├── deep-extend@0.4.2
41 silly idealTree ├─┬ define-property@2.0.2
41 silly idealTree │ ├── is-accessor-descriptor@1.0.0
41 silly idealTree │ ├── is-data-descriptor@1.0.0
41 silly idealTree │ └── is-descriptor@1.0.2
41 silly idealTree ├── delayed-stream@1.0.0
41 silly idealTree ├── delegates@1.0.0
41 silly idealTree ├── depd@1.1.2
41 silly idealTree ├── destroy@1.0.4
41 silly idealTree ├── dns-prefetch-control@0.1.0
41 silly idealTree ├── dont-sniff-mimetype@1.0.0
41 silly idealTree ├── dot-prop@4.2.0
41 silly idealTree ├── duplexer@0.1.1
41 silly idealTree ├── duplexer3@0.1.4
41 silly idealTree ├── ecc-jsbn@0.1.1
41 silly idealTree ├── ecdsa-sig-formatter@1.0.9
41 silly idealTree ├── ee-first@1.1.1
41 silly idealTree ├── ejs@2.5.9
41 silly idealTree ├── encodeurl@1.0.2
41 silly idealTree ├── escape-html@1.0.3
41 silly idealTree ├── escape-string-regexp@1.0.5
41 silly idealTree ├── etag@1.8.1
41 silly idealTree ├── event-stream@3.3.4
41 silly idealTree ├── execa@0.7.0
41 silly idealTree ├─┬ expand-brackets@2.1.4
41 silly idealTree │ ├── define-property@0.2.5
41 silly idealTree │ └── extend-shallow@2.0.1
41 silly idealTree ├── expect-ct@0.1.0
41 silly idealTree ├── express-session@1.15.6
41 silly idealTree ├── express@4.16.3
41 silly idealTree ├─┬ extend-shallow@3.0.2
41 silly idealTree │ └── is-extendable@1.0.1
41 silly idealTree ├── extend@3.0.1
41 silly idealTree ├─┬ extglob@2.0.4
41 silly idealTree │ ├── define-property@1.0.0
41 silly idealTree │ ├── extend-shallow@2.0.1
41 silly idealTree │ ├── is-accessor-descriptor@1.0.0
41 silly idealTree │ ├── is-data-descriptor@1.0.0
41 silly idealTree │ └── is-descriptor@1.0.2
41 silly idealTree ├── extsprintf@1.3.0
41 silly idealTree ├── eyes@0.1.8
41 silly idealTree ├── fast-deep-equal@1.1.0
41 silly idealTree ├── fast-json-stable-stringify@2.0.0
41 silly idealTree ├─┬ fill-range@4.0.0
41 silly idealTree │ └── extend-shallow@2.0.1
41 silly idealTree ├── finalhandler@1.1.1
41 silly idealTree ├── for-in@1.0.2
41 silly idealTree ├── forever-agent@0.6.1
41 silly idealTree ├── form-data@2.3.2
41 silly idealTree ├── forwarded@0.1.2
41 silly idealTree ├── fragment-cache@0.2.1
41 silly idealTree ├── frameguard@3.0.0
41 silly idealTree ├── fresh@0.5.2
41 silly idealTree ├── from@0.1.7
41 silly idealTree ├── fs.realpath@1.0.0
41 silly idealTree ├── fs@0.0.1-security
41 silly idealTree ├── fstream-ignore@1.0.5
41 silly idealTree ├── fstream@1.0.11
41 silly idealTree ├── gauge@2.7.4
41 silly idealTree ├── get-stream@3.0.0
41 silly idealTree ├── get-value@2.0.6
41 silly idealTree ├── getpass@0.1.7
41 silly idealTree ├─┬ glob-parent@3.1.0
41 silly idealTree │ └── is-glob@3.1.0
41 silly idealTree ├── glob@7.1.2
41 silly idealTree ├── global-dirs@0.1.1
41 silly idealTree ├── got@6.7.1
41 silly idealTree ├── graceful-fs@4.1.11
41 silly idealTree ├── har-schema@2.0.0
41 silly idealTree ├── har-validator@5.0.3
41 silly idealTree ├── has-flag@3.0.0
41 silly idealTree ├── has-unicode@2.0.1
41 silly idealTree ├── has-value@1.0.0
41 silly idealTree ├─┬ has-values@1.0.0
41 silly idealTree │ └── kind-of@4.0.0
41 silly idealTree ├── hawk@6.0.2
41 silly idealTree ├── helmet-csp@2.7.0
41 silly idealTree ├── helmet@3.12.0
41 silly idealTree ├── hide-powered-by@1.0.0
41 silly idealTree ├── hoek@4.2.1
41 silly idealTree ├── hpkp@2.0.0
41 silly idealTree ├── hsts@2.1.0
41 silly idealTree ├─┬ http-errors@1.6.2
41 silly idealTree │ ├── depd@1.1.1
41 silly idealTree │ └── setprototypeof@1.0.3
41 silly idealTree ├── http-signature@1.2.0
41 silly idealTree ├── iconv-lite@0.4.19
41 silly idealTree ├── ienoopen@1.0.0
41 silly idealTree ├── ignore-by-default@1.0.1
41 silly idealTree ├── import-lazy@2.1.0
41 silly idealTree ├── imurmurhash@0.1.4
41 silly idealTree ├── inflight@1.0.6
41 silly idealTree ├── inherits@2.0.3
41 silly idealTree ├── ini@1.3.5
41 silly idealTree ├── ipaddr.js@1.6.0
41 silly idealTree ├─┬ is-accessor-descriptor@0.1.6
41 silly idealTree │ └── kind-of@3.2.2
41 silly idealTree ├── is-binary-path@1.0.1
41 silly idealTree ├── is-buffer@1.1.6
41 silly idealTree ├── is-ci@1.1.0
41 silly idealTree ├─┬ is-data-descriptor@0.1.4
41 silly idealTree │ └── kind-of@3.2.2
41 silly idealTree ├─┬ is-descriptor@0.1.6
41 silly idealTree │ └── kind-of@5.1.0
41 silly idealTree ├── is-extendable@0.1.1
41 silly idealTree ├── is-extglob@2.1.1
41 silly idealTree ├── is-fullwidth-code-point@1.0.0
41 silly idealTree ├── is-glob@4.0.0
41 silly idealTree ├── is-installed-globally@0.1.0
41 silly idealTree ├── is-npm@1.0.0
41 silly idealTree ├─┬ is-number@3.0.0
41 silly idealTree │ └── kind-of@3.2.2
41 silly idealTree ├── is-obj@1.0.1
41 silly idealTree ├─┬ is-odd@2.0.0
41 silly idealTree │ └── is-number@4.0.0
41 silly idealTree ├── is-path-inside@1.0.1
41 silly idealTree ├── is-plain-object@2.0.4
41 silly idealTree ├── is-redirect@1.0.0
41 silly idealTree ├── is-retry-allowed@1.1.0
41 silly idealTree ├── is-stream@1.1.0
41 silly idealTree ├── is-typedarray@1.0.0
41 silly idealTree ├── is-windows@1.0.2
41 silly idealTree ├── is.object@1.0.0
41 silly idealTree ├── isarray@1.0.0
41 silly idealTree ├── isexe@2.0.0
41 silly idealTree ├── isobject@3.0.1
41 silly idealTree ├── isstream@0.1.2
41 silly idealTree ├── jsbn@0.1.1
41 silly idealTree ├── json-parse-safe@1.0.5
41 silly idealTree ├── json-schema-traverse@0.3.1
41 silly idealTree ├── json-schema@0.2.3
41 silly idealTree ├── json-stringify-safe@5.0.1
41 silly idealTree ├── json-web-token@2.1.3
41 silly idealTree ├─┬ jsonwebtoken@8.2.1
41 silly idealTree │ └── ms@2.1.1
41 silly idealTree ├── jsprim@1.4.1
41 silly idealTree ├── jwa@1.1.5
41 silly idealTree ├── jws@3.1.4
41 silly idealTree ├── kareem@2.0.6
41 silly idealTree ├── kind-of@6.0.2
41 silly idealTree ├── latest-version@3.1.0
41 silly idealTree ├── lodash.get@4.4.2
41 silly idealTree ├── lodash.includes@4.3.0
41 silly idealTree ├── lodash.isboolean@3.0.3
41 silly idealTree ├── lodash.isinteger@4.0.4
41 silly idealTree ├── lodash.isnumber@3.0.3
41 silly idealTree ├── lodash.isplainobject@4.0.6
41 silly idealTree ├── lodash.isstring@4.0.1
41 silly idealTree ├── lodash.once@4.1.1
41 silly idealTree ├── lodash.reduce@4.6.0
41 silly idealTree ├── lodash@4.17.10
41 silly idealTree ├── lowercase-keys@1.0.1
41 silly idealTree ├─┬ lru-cache@4.1.2
41 silly idealTree │ └── yallist@2.1.2
41 silly idealTree ├── make-dir@1.2.0
41 silly idealTree ├── map-cache@0.2.2
41 silly idealTree ├── map-stream@0.1.0
41 silly idealTree ├── map-visit@1.0.0
41 silly idealTree ├── media-typer@0.3.0
41 silly idealTree ├── merge-descriptors@1.0.1
41 silly idealTree ├── methods@1.1.2
41 silly idealTree ├── micromatch@3.1.10
41 silly idealTree ├── mime-db@1.33.0
41 silly idealTree ├── mime-types@2.1.18
41 silly idealTree ├── mime@1.4.1
41 silly idealTree ├── minimatch@3.0.4
41 silly idealTree ├── minimist@0.0.8
41 silly idealTree ├─┬ mixin-deep@1.3.1
41 silly idealTree │ └── is-extendable@1.0.1
41 silly idealTree ├── mkdirp@0.5.1
41 silly idealTree ├── mongodb-core@3.0.7
41 silly idealTree ├── mongodb@3.0.7
41 silly idealTree ├── mongoose-legacy-pluralize@1.0.2
41 silly idealTree ├── mongoose@5.0.16
41 silly idealTree ├── morgan@1.9.0
41 silly idealTree ├── mpath@0.4.1
41 silly idealTree ├─┬ mquery@3.0.0
41 silly idealTree │ └── sliced@0.0.5
41 silly idealTree ├── ms@2.0.0
41 silly idealTree ├── nan@2.6.2
41 silly idealTree ├── nanomatch@1.2.9
41 silly idealTree ├── negotiator@0.6.1
41 silly idealTree ├── nocache@2.0.0
41 silly idealTree ├── node-pre-gyp@0.6.36
41 silly idealTree ├─┬ nodemon@1.17.3
41 silly idealTree │ └── debug@3.1.0
41 silly idealTree ├── nopt@4.0.1
41 silly idealTree ├── normalize-path@2.1.1
41 silly idealTree ├── npm-run-path@2.0.2
41 silly idealTree ├── npmlog@4.1.2
41 silly idealTree ├── number-is-nan@1.0.1
41 silly idealTree ├── oauth-sign@0.8.2
41 silly idealTree ├── object-assign@4.1.1
41 silly idealTree ├─┬ object-copy@0.1.0
41 silly idealTree │ ├── define-property@0.2.5
41 silly idealTree │ └── kind-of@3.2.2
41 silly idealTree ├── object-visit@1.0.1
41 silly idealTree ├── object.pick@1.3.0
41 silly idealTree ├── on-finished@2.3.0
41 silly idealTree ├── on-headers@1.0.1
41 silly idealTree ├── once@1.4.0
41 silly idealTree ├── os-homedir@1.0.2
41 silly idealTree ├── os-tmpdir@1.0.2
41 silly idealTree ├── osenv@0.1.5
41 silly idealTree ├── p-finally@1.0.0
41 silly idealTree ├── package-json@4.0.1
41 silly idealTree ├── parseurl@1.3.2
41 silly idealTree ├── pascalcase@0.1.1
41 silly idealTree ├── passport-local@1.0.0
41 silly idealTree ├── passport-strategy@1.0.0
41 silly idealTree ├── passport@0.4.0
41 silly idealTree ├── path-dirname@1.0.2
41 silly idealTree ├── path-is-absolute@1.0.1
41 silly idealTree ├── path-is-inside@1.0.2
41 silly idealTree ├── path-key@2.0.1
41 silly idealTree ├── path-to-regexp@0.1.7
41 silly idealTree ├── pause-stream@0.0.11
41 silly idealTree ├── pause@0.0.1
41 silly idealTree ├── performance-now@2.1.0
41 silly idealTree ├── pify@3.0.0
41 silly idealTree ├── platform@1.3.5
41 silly idealTree ├── posix-character-classes@0.1.1
41 silly idealTree ├── prepend-http@1.0.4
41 silly idealTree ├── process-nextick-args@2.0.0
41 silly idealTree ├── proxy-addr@2.0.3
41 silly idealTree ├── ps-tree@1.1.0
41 silly idealTree ├── pseudomap@1.0.2
41 silly idealTree ├── pstree.remy@1.1.0
41 silly idealTree ├── punycode@1.4.1
41 silly idealTree ├── qs@6.5.1
41 silly idealTree ├── random-bytes@1.0.0
41 silly idealTree ├── range-parser@1.2.0
41 silly idealTree ├── raw-body@2.3.2
41 silly idealTree ├─┬ rc@1.2.6
41 silly idealTree │ └── minimist@1.2.0
41 silly idealTree ├── readable-stream@2.3.5
41 silly idealTree ├── readdirp@2.1.0
41 silly idealTree ├── referrer-policy@1.1.0
41 silly idealTree ├── regex-not@1.0.2
41 silly idealTree ├── regexp-clone@0.0.1
41 silly idealTree ├── registry-auth-token@3.3.2
41 silly idealTree ├── registry-url@3.1.0
41 silly idealTree ├── remove-trailing-separator@1.1.0
41 silly idealTree ├── repeat-element@1.1.2
41 silly idealTree ├── repeat-string@1.6.1
41 silly idealTree ├── request@2.85.0
41 silly idealTree ├── require_optional@1.0.1
41 silly idealTree ├── resolve-from@2.0.0
41 silly idealTree ├── resolve-url@0.2.1
41 silly idealTree ├── ret@0.1.15
41 silly idealTree ├── rimraf@2.6.2
41 silly idealTree ├── safe-buffer@5.1.1
41 silly idealTree ├── safe-regex@1.1.0
41 silly idealTree ├── semver-diff@2.1.0
41 silly idealTree ├── semver@5.5.0
41 silly idealTree ├── send@0.16.2
41 silly idealTree ├─┬ serve-favicon@2.5.0
41 silly idealTree │ └── ms@2.1.1
41 silly idealTree ├── serve-static@1.13.2
41 silly idealTree ├── set-blocking@2.0.0
41 silly idealTree ├── set-immediate-shim@1.0.1
41 silly idealTree ├─┬ set-value@2.0.0
41 silly idealTree │ └── extend-shallow@2.0.1
41 silly idealTree ├── setprototypeof@1.1.0
41 silly idealTree ├── shebang-command@1.2.0
41 silly idealTree ├── shebang-regex@1.0.0
41 silly idealTree ├── signal-exit@3.0.2
41 silly idealTree ├── sliced@1.0.1
41 silly idealTree ├─┬ snapdragon-node@2.1.1
41 silly idealTree │ ├── define-property@1.0.0
41 silly idealTree │ ├── is-accessor-descriptor@1.0.0
41 silly idealTree │ ├── is-data-descriptor@1.0.0
41 silly idealTree │ └── is-descriptor@1.0.2
41 silly idealTree ├─┬ snapdragon-util@3.0.1
41 silly idealTree │ └── kind-of@3.2.2
41 silly idealTree ├─┬ snapdragon@0.8.2
41 silly idealTree │ ├── define-property@0.2.5
41 silly idealTree │ └── extend-shallow@2.0.1
41 silly idealTree ├── sntp@2.1.0
41 silly idealTree ├── source-map-resolve@0.5.1
41 silly idealTree ├── source-map-url@0.4.0
41 silly idealTree ├── source-map@0.5.7
41 silly idealTree ├── split-string@3.1.0
41 silly idealTree ├── split@0.3.3
41 silly idealTree ├── sshpk@1.14.1
41 silly idealTree ├── stack-trace@0.0.10
41 silly idealTree ├─┬ static-extend@0.1.2
41 silly idealTree │ └── define-property@0.2.5
41 silly idealTree ├── statuses@1.4.0
41 silly idealTree ├── stream-combiner@0.0.4
41 silly idealTree ├── string_decoder@1.0.3
41 silly idealTree ├── string-width@1.0.2
41 silly idealTree ├── stringstream@0.0.5
41 silly idealTree ├── strip-ansi@3.0.1
41 silly idealTree ├── strip-eof@1.0.0
41 silly idealTree ├── strip-json-comments@2.0.1
41 silly idealTree ├── supports-color@5.4.0
41 silly idealTree ├── tar-pack@3.4.1
41 silly idealTree ├── tar@2.2.1
41 silly idealTree ├── term-size@1.2.0
41 silly idealTree ├── through@2.3.8
41 silly idealTree ├── timed-out@4.0.1
41 silly idealTree ├─┬ to-object-path@0.3.0
41 silly idealTree │ └── kind-of@3.2.2
41 silly idealTree ├── to-regex-range@2.1.1
41 silly idealTree ├── to-regex@3.0.2
41 silly idealTree ├─┬ touch@3.1.0
41 silly idealTree │ └── nopt@1.0.10
41 silly idealTree ├── tough-cookie@2.3.4
41 silly idealTree ├── tunnel-agent@0.6.0
41 silly idealTree ├── tweetnacl@0.14.5
41 silly idealTree ├── type-is@1.6.16
41 silly idealTree ├── uid-number@0.0.6
41 silly idealTree ├── uid-safe@2.1.5
41 silly idealTree ├── undefsafe@2.0.2
41 silly idealTree ├─┬ union-value@1.0.0
41 silly idealTree │ ├── extend-shallow@2.0.1
41 silly idealTree │ └── set-value@0.4.3
41 silly idealTree ├── unique-string@1.0.0
41 silly idealTree ├── unpipe@1.0.0
41 silly idealTree ├─┬ unset-value@1.0.0
41 silly idealTree │ ├─┬ has-value@0.3.1
41 silly idealTree │ │ └── isobject@2.1.0
41 silly idealTree │ └── has-values@0.1.4
41 silly idealTree ├── unzip-response@2.0.1
41 silly idealTree ├── upath@1.0.4
41 silly idealTree ├── update-notifier@2.5.0
41 silly idealTree ├── urix@0.1.0
41 silly idealTree ├── url-parse-lax@1.0.0
41 silly idealTree ├── use@3.1.0
41 silly idealTree ├── util-deprecate@1.0.2
41 silly idealTree ├── utils-merge@1.0.1
41 silly idealTree ├── uuid@3.2.1
41 silly idealTree ├── vary@1.1.2
41 silly idealTree ├── verror@1.10.0
41 silly idealTree ├── which@1.3.0
41 silly idealTree ├── wide-align@1.1.2
41 silly idealTree ├─┬ widest-line@2.0.0
41 silly idealTree │ ├── ansi-regex@3.0.0
41 silly idealTree │ ├── is-fullwidth-code-point@2.0.0
41 silly idealTree │ ├── string-width@2.1.1
41 silly idealTree │ └── strip-ansi@4.0.0
41 silly idealTree ├─┬ winston@2.4.2
41 silly idealTree │ └── async@1.0.0
41 silly idealTree ├── wrappy@1.0.2
41 silly idealTree ├── write-file-atomic@2.3.0
41 silly idealTree ├── x-xss-protection@1.1.0
41 silly idealTree ├── xdg-basedir@3.0.0
41 silly idealTree └── xtend@4.0.1
42 silly generateActionsToTake Starting
43 silly install generateActionsToTake
44 silly generateActionsToTake Finishing
45 silly diffTrees action count 3
46 silly diffTrees update fs@0.0.1-security
47 silly diffTrees update helmet@3.12.0
48 silly diffTrees update nodemon@1.17.3
49 silly decomposeActions action count 24
50 silly decomposeActions fetch fs@0.0.1-security
51 silly decomposeActions extract fs@0.0.1-security
52 silly decomposeActions test fs@0.0.1-security
53 silly decomposeActions preinstall fs@0.0.1-security
54 silly decomposeActions build fs@0.0.1-security
55 silly decomposeActions install fs@0.0.1-security
56 silly decomposeActions postinstall fs@0.0.1-security
57 silly decomposeActions finalize fs@0.0.1-security
58 silly decomposeActions fetch helmet@3.12.0
59 silly decomposeActions extract helmet@3.12.0
60 silly decomposeActions test helmet@3.12.0
61 silly decomposeActions preinstall helmet@3.12.0
62 silly decomposeActions build helmet@3.12.0
63 silly decomposeActions install helmet@3.12.0
64 silly decomposeActions postinstall helmet@3.12.0
65 silly decomposeActions finalize helmet@3.12.0
66 silly decomposeActions fetch nodemon@1.17.3
67 silly decomposeActions extract nodemon@1.17.3
68 silly decomposeActions test nodemon@1.17.3
69 silly decomposeActions preinstall nodemon@1.17.3
70 silly decomposeActions build nodemon@1.17.3
71 silly decomposeActions install nodemon@1.17.3
72 silly decomposeActions postinstall nodemon@1.17.3
73 silly decomposeActions finalize nodemon@1.17.3
74 silly executeActions Starting
75 silly install executeActions
76 silly doSerial global-install 0
77 silly doParallel fetch 3
78 verbose lock using /home/defalt/.npm/_locks/staging-166aeb6454a8598e.lock for /home/defalt/devchat/node_modules/.staging
79 silly doParallel extract 3
80 silly extract fs@0.0.1-security
81 silly extract helmet@3.12.0
82 silly extract nodemon@1.17.3
83 silly addNamed fs@0.0.1-security
84 verbose addNamed "0.0.1-security" is a plain semver version for fs
85 silly mapToRegistry name fs
86 silly mapToRegistry using default registry
87 silly mapToRegistry registry https://registry.npmjs.org/
88 silly mapToRegistry uri https://registry.npmjs.org/fs
89 verbose addNameVersion registry:https://registry.npmjs.org/fs not in flight; fetching
90 silly addNamed helmet@3.12.0
91 verbose addNamed "3.12.0" is a plain semver version for helmet
92 silly mapToRegistry name helmet
93 silly mapToRegistry using default registry
94 silly mapToRegistry registry https://registry.npmjs.org/
95 silly mapToRegistry uri https://registry.npmjs.org/helmet
96 verbose addNameVersion registry:https://registry.npmjs.org/helmet not in flight; fetching
97 verbose unbuild node_modules/.staging/nodemon-75c0f063
98 verbose request uri https://registry.npmjs.org/fs
99 verbose request no auth needed
100 info attempt registry request try #1 at 8:49:50 AM
101 verbose etag "5aa0aa2a-e05"
102 verbose lastModified Thu, 8 Mar 2018 3:12:42 GMT
103 http request GET https://registry.npmjs.org/fs
104 verbose request uri https://registry.npmjs.org/helmet
105 verbose request no auth needed
106 info attempt registry request try #1 at 8:49:50 AM
107 verbose etag "5aaa6458-1d17f"
108 verbose lastModified Thu, 15 Mar 2018 12:17:28 GMT
109 http request GET https://registry.npmjs.org/helmet
110 silly gentlyRm /home/defalt/devchat/node_modules/.staging/nodemon-75c0f063 is being purged from base /home/defalt/devchat
111 verbose gentlyRm don't care about contents; nuking /home/defalt/devchat/node_modules/.staging/nodemon-75c0f063
112 verbose tar unpack /home/defalt/.npm/nodemon/1.17.3/package.tgz
113 verbose tar unpacking to /home/defalt/devchat/node_modules/.staging/nodemon-75c0f063
114 silly gentlyRm /home/defalt/devchat/node_modules/.staging/nodemon-75c0f063 is being purged
115 verbose gentlyRm don't care about contents; nuking /home/defalt/devchat/node_modules/.staging/nodemon-75c0f063
116 silly gunzTarPerm modes [ '775', '664' ]
117 silly gunzTarPerm extractEntry package.json
118 silly gunzTarPerm extractEntry .jscsrc
119 silly gunzTarPerm extractEntry .jshintrc
120 silly gunzTarPerm extractEntry .travis.yml
121 silly gunzTarPerm extractEntry CODE_OF_CONDUCT.md
122 silly gunzTarPerm extractEntry commitlint.config.js
123 silly gunzTarPerm extractEntry faq.md
124 silly gunzTarPerm extractEntry README.md
125 silly gunzTarPerm extractEntry .github/CONTRIBUTING.md
126 silly gunzTarPerm extractEntry .github/ISSUE_TEMPLATE.md
127 silly gunzTarPerm extractEntry .github/no-response.yml
128 silly gunzTarPerm extractEntry .github/oliver.yml
129 silly gunzTarPerm extractEntry .github/stale.yml
130 silly gunzTarPerm extractEntry bin/nodemon.js
131 silly gunzTarPerm extractEntry doc/arch.md
132 silly gunzTarPerm extractEntry doc/cli/authors.txt
133 silly gunzTarPerm extractEntry doc/cli/config.txt
134 silly gunzTarPerm extractEntry doc/cli/help.txt
135 silly gunzTarPerm extractEntry doc/cli/logo.txt
136 silly gunzTarPerm extractEntry doc/cli/options.txt
137 silly gunzTarPerm extractEntry doc/cli/topics.txt
138 silly gunzTarPerm extractEntry doc/cli/usage.txt
139 silly gunzTarPerm extractEntry doc/cli/whoami.txt
140 silly gunzTarPerm extractEntry doc/events.md
141 silly gunzTarPerm extractEntry doc/option-parsing-logic.md
142 silly gunzTarPerm extractEntry doc/requireable.md
143 silly gunzTarPerm extractEntry doc/rules.md
144 silly gunzTarPerm extractEntry doc/sample-nodemon.md
145 silly gunzTarPerm extractEntry lib/cli/index.js
146 silly gunzTarPerm extractEntry lib/cli/parse.js
147 silly gunzTarPerm extractEntry lib/config/command.js
148 silly gunzTarPerm extractEntry lib/config/defaults.js
149 silly gunzTarPerm extractEntry lib/config/exec.js
150 silly gunzTarPerm extractEntry lib/config/index.js
151 silly gunzTarPerm extractEntry lib/config/load.js
152 silly gunzTarPerm extractEntry lib/help/index.js
153 silly gunzTarPerm extractEntry lib/index.js
154 silly gunzTarPerm extractEntry lib/monitor/index.js
155 silly gunzTarPerm extractEntry lib/monitor/match.js
156 silly gunzTarPerm extractEntry lib/monitor/run.js
157 silly gunzTarPerm extractEntry lib/monitor/signals.js
158 silly gunzTarPerm extractEntry lib/monitor/watch.js
159 silly gunzTarPerm extractEntry lib/nodemon.js
160 silly gunzTarPerm extractEntry lib/rules/add.js
161 silly gunzTarPerm extractEntry lib/rules/index.js
162 silly gunzTarPerm extractEntry lib/rules/parse.js
163 silly gunzTarPerm extractEntry lib/spawn.js
164 silly gunzTarPerm extractEntry lib/utils/bus.js
165 silly gunzTarPerm extractEntry lib/utils/clone.js
166 silly gunzTarPerm extractEntry lib/utils/colour.js
167 silly gunzTarPerm extractEntry lib/utils/index.js
168 silly gunzTarPerm extractEntry lib/utils/log.js
169 http 304 https://registry.npmjs.org/fs
170 verbose headers { date: 'Mon, 30 Apr 2018 12:49:50 GMT',
170 verbose headers   via: '1.1 varnish',
170 verbose headers   'cache-control': 'max-age=300',
170 verbose headers   etag: '"5aa0aa2a-e05"',
170 verbose headers   age: '5959',
170 verbose headers   connection: 'keep-alive',
170 verbose headers   'x-served-by': 'cache-bos8224-BOS',
170 verbose headers   'x-cache': 'HIT',
170 verbose headers   'x-cache-hits': '1',
170 verbose headers   'x-timer': 'S1525092590.182587,VS0,VE1',
170 verbose headers   vary: 'Accept-Encoding, Accept' }
171 silly get cb [ 304,
171 silly get   { date: 'Mon, 30 Apr 2018 12:49:50 GMT',
171 silly get     via: '1.1 varnish',
171 silly get     'cache-control': 'max-age=300',
171 silly get     etag: '"5aa0aa2a-e05"',
171 silly get     age: '5959',
171 silly get     connection: 'keep-alive',
171 silly get     'x-served-by': 'cache-bos8224-BOS',
171 silly get     'x-cache': 'HIT',
171 silly get     'x-cache-hits': '1',
171 silly get     'x-timer': 'S1525092590.182587,VS0,VE1',
171 silly get     vary: 'Accept-Encoding, Accept' } ]
172 verbose etag https://registry.npmjs.org/fs from cache
173 verbose get saving fs to /home/defalt/.npm/registry.npmjs.org/fs/.cache.json
174 http 304 https://registry.npmjs.org/helmet
175 verbose headers { date: 'Mon, 30 Apr 2018 12:49:50 GMT',
175 verbose headers   via: '1.1 varnish',
175 verbose headers   'cache-control': 'max-age=300',
175 verbose headers   etag: '"5aaa6458-1d17f"',
175 verbose headers   age: '10408',
175 verbose headers   connection: 'keep-alive',
175 verbose headers   'x-served-by': 'cache-bos8235-BOS',
175 verbose headers   'x-cache': 'HIT',
175 verbose headers   'x-cache-hits': '1',
175 verbose headers   'x-timer': 'S1525092590.182812,VS0,VE0',
175 verbose headers   vary: 'Accept-Encoding, Accept' }
176 silly get cb [ 304,
176 silly get   { date: 'Mon, 30 Apr 2018 12:49:50 GMT',
176 silly get     via: '1.1 varnish',
176 silly get     'cache-control': 'max-age=300',
176 silly get     etag: '"5aaa6458-1d17f"',
176 silly get     age: '10408',
176 silly get     connection: 'keep-alive',
176 silly get     'x-served-by': 'cache-bos8235-BOS',
176 silly get     'x-cache': 'HIT',
176 silly get     'x-cache-hits': '1',
176 silly get     'x-timer': 'S1525092590.182812,VS0,VE0',
176 silly get     vary: 'Accept-Encoding, Accept' } ]
177 verbose etag https://registry.npmjs.org/helmet from cache
178 verbose get saving helmet to /home/defalt/.npm/registry.npmjs.org/helmet/.cache.json
179 silly gunzTarPerm extractEntry lib/utils/merge.js
180 silly gunzTarPerm extractEntry lib/version.js
181 silly gunzTarPerm extractEntry website/index.html
182 silly gunzTarPerm extractEntry website/mixmax.png
183 silly mapToRegistry name fs
184 silly mapToRegistry using default registry
185 silly mapToRegistry registry https://registry.npmjs.org/
186 silly mapToRegistry uri https://registry.npmjs.org/fs
187 verbose addRemoteTarball https://registry.npmjs.org/fs/-/fs-0.0.1-security.tgz not in flight; adding
188 verbose addRemoteTarball [ 'https://registry.npmjs.org/fs/-/fs-0.0.1-security.tgz',
188 verbose addRemoteTarball   '8a7bd37186b6dddf3813f23858b57ecaaf5e41d4' ]
189 silly mapToRegistry name helmet
190 silly mapToRegistry using default registry
191 silly mapToRegistry registry https://registry.npmjs.org/
192 silly mapToRegistry uri https://registry.npmjs.org/helmet
193 verbose addRemoteTarball https://registry.npmjs.org/helmet/-/helmet-3.12.0.tgz not in flight; adding
194 verbose addRemoteTarball [ 'https://registry.npmjs.org/helmet/-/helmet-3.12.0.tgz',
194 verbose addRemoteTarball   '2098e35cf4e51c64c2f1d38670b7d382a377d92c' ]
195 info retry fetch attempt 1 at 8:49:50 AM
196 info attempt registry request try #1 at 8:49:50 AM
197 http fetch GET https://registry.npmjs.org/helmet/-/helmet-3.12.0.tgz
198 info retry fetch attempt 1 at 8:49:50 AM
199 info attempt registry request try #1 at 8:49:50 AM
200 http fetch GET https://registry.npmjs.org/fs/-/fs-0.0.1-security.tgz
201 silly gunzTarPerm extractEntry website/nodemon.png
202 silly gunzTarPerm extractEntry website/nodemon.svg
203 silly gunzTarPerm extractEntry website/sparkpost.png
204 silly gunzTarPerm extractEntry website/sparkpost.svg
205 silly gentlyRm /home/defalt/devchat/node_modules/.staging/nodemon-75c0f063/node_modules is being purged
206 verbose gentlyRm don't care about contents; nuking /home/defalt/devchat/node_modules/.staging/nodemon-75c0f063/node_modules
207 http fetch 200 https://registry.npmjs.org/fs/-/fs-0.0.1-security.tgz
208 silly fetchAndShaCheck shasum 8a7bd37186b6dddf3813f23858b57ecaaf5e41d4
209 verbose addTmpTarball /tmp/npm-4802-5edfb018/registry.npmjs.org/fs/-/fs-0.0.1-security.tgz not in flight; adding
210 verbose addTmpTarball already have metadata; skipping unpack for fs@0.0.1-security
211 verbose unbuild node_modules/.staging/fs-761aa110
212 silly gentlyRm /home/defalt/devchat/node_modules/.staging/fs-761aa110 is being purged from base /home/defalt/devchat
213 verbose gentlyRm don't care about contents; nuking /home/defalt/devchat/node_modules/.staging/fs-761aa110
214 verbose tar unpack /home/defalt/.npm/fs/0.0.1-security/package.tgz
215 verbose tar unpacking to /home/defalt/devchat/node_modules/.staging/fs-761aa110
216 silly gentlyRm /home/defalt/devchat/node_modules/.staging/fs-761aa110 is being purged
217 verbose gentlyRm don't care about contents; nuking /home/defalt/devchat/node_modules/.staging/fs-761aa110
218 silly gunzTarPerm modes [ '775', '664' ]
219 http fetch 200 https://registry.npmjs.org/helmet/-/helmet-3.12.0.tgz
220 silly fetchAndShaCheck shasum 2098e35cf4e51c64c2f1d38670b7d382a377d92c
221 silly gunzTarPerm extractEntry package.json
222 silly gunzTarPerm modified mode [ 'package.json', 420, 436 ]
223 verbose addTmpTarball /tmp/npm-4802-5edfb018/registry.npmjs.org/helmet/-/helmet-3.12.0.tgz not in flight; adding
224 verbose addTmpTarball already have metadata; skipping unpack for helmet@3.12.0
225 silly gunzTarPerm extractEntry README.md
226 silly gunzTarPerm modified mode [ 'README.md', 420, 436 ]
227 verbose unbuild node_modules/.staging/helmet-cd0aa55b
228 silly gentlyRm /home/defalt/devchat/node_modules/.staging/helmet-cd0aa55b is being purged from base /home/defalt/devchat
229 verbose gentlyRm don't care about contents; nuking /home/defalt/devchat/node_modules/.staging/helmet-cd0aa55b
230 verbose tar unpack /home/defalt/.npm/helmet/3.12.0/package.tgz
231 verbose tar unpacking to /home/defalt/devchat/node_modules/.staging/helmet-cd0aa55b
232 silly gentlyRm /home/defalt/devchat/node_modules/.staging/helmet-cd0aa55b is being purged
233 verbose gentlyRm don't care about contents; nuking /home/defalt/devchat/node_modules/.staging/helmet-cd0aa55b
234 silly gunzTarPerm modes [ '775', '664' ]
235 silly gunzTarPerm extractEntry package.json
236 silly gunzTarPerm modified mode [ 'package.json', 420, 436 ]
237 silly gentlyRm /home/defalt/devchat/node_modules/.staging/fs-761aa110/node_modules is being purged
238 verbose gentlyRm don't care about contents; nuking /home/defalt/devchat/node_modules/.staging/fs-761aa110/node_modules
239 silly gunzTarPerm extractEntry CONTRIBUTING.md
240 silly gunzTarPerm modified mode [ 'CONTRIBUTING.md', 420, 436 ]
241 silly gunzTarPerm extractEntry HISTORY.md
242 silly gunzTarPerm modified mode [ 'HISTORY.md', 420, 436 ]
243 silly gunzTarPerm extractEntry index.js
244 silly gunzTarPerm modified mode [ 'index.js', 420, 436 ]
245 silly gunzTarPerm extractEntry LICENSE
246 silly gunzTarPerm modified mode [ 'LICENSE', 420, 436 ]
247 silly gunzTarPerm extractEntry README.md
248 silly gunzTarPerm modified mode [ 'README.md', 420, 436 ]
249 silly gunzTarPerm extractEntry security.md
250 silly gunzTarPerm modified mode [ 'security.md', 420, 436 ]
251 silly gentlyRm /home/defalt/devchat/node_modules/.staging/helmet-cd0aa55b/node_modules is being purged
252 verbose gentlyRm don't care about contents; nuking /home/defalt/devchat/node_modules/.staging/helmet-cd0aa55b/node_modules
253 silly doParallel preinstall 3
254 silly preinstall fs@0.0.1-security /home/defalt/devchat/node_modules/.staging/fs-761aa110
255 info lifecycle fs@0.0.1-security~preinstall: fs@0.0.1-security
256 silly preinstall helmet@3.12.0 /home/defalt/devchat/node_modules/.staging/helmet-cd0aa55b
257 info lifecycle helmet@3.12.0~preinstall: helmet@3.12.0
258 silly preinstall nodemon@1.17.3 /home/defalt/devchat/node_modules/.staging/nodemon-75c0f063
259 info lifecycle nodemon@1.17.3~preinstall: nodemon@1.17.3
260 silly lifecycle fs@0.0.1-security~preinstall: no script for preinstall, continuing
261 silly lifecycle helmet@3.12.0~preinstall: no script for preinstall, continuing
262 silly lifecycle nodemon@1.17.3~preinstall: no script for preinstall, continuing
263 silly doReverseSerial remove 0
264 silly doSerial move 0
265 silly doSerial finalize 3
266 silly finalize /home/defalt/devchat/node_modules/fs
267 silly finalize /home/defalt/devchat/node_modules/helmet
268 silly finalize /home/defalt/devchat/node_modules/nodemon
269 verbose unlock done using /home/defalt/.npm/_locks/staging-166aeb6454a8598e.lock for /home/defalt/devchat/node_modules/.staging
270 silly rollbackFailedOptional Starting
271 silly rollbackFailedOptional Finishing
272 silly runTopLevelLifecycles Starting
273 silly runTopLevelLifecycles Finishing
274 silly install printInstalled
275 warn optional Skipping failed optional dependency /chokidar/fsevents:
276 warn notsup Not compatible with your operating system or architecture: fsevents@1.2.3
277 verbose stack Error: EACCES: permission denied, rename '/home/defalt/devchat/node_modules/.nodemon.DELETE/node_modules/debug' -> '/home/defalt/devchat/node_modules/nodemon/node_modules/debug'
277 verbose stack     at /usr/share/npm/lib/install/action/finalize.js:64:7
277 verbose stack     at /usr/share/npm/node_modules/slide/lib/async-map.js:52:35
277 verbose stack     at Array.forEach (native)
277 verbose stack     at /usr/share/npm/node_modules/slide/lib/async-map.js:52:11
277 verbose stack     at Array.forEach (native)
277 verbose stack     at asyncMap (/usr/share/npm/node_modules/slide/lib/async-map.js:51:8)
277 verbose stack     at moveModules (/usr/share/npm/lib/install/action/finalize.js:61:5)
277 verbose stack     at /usr/share/npm/lib/install/action/finalize.js:56:70
277 verbose stack     at /usr/share/npm/node_modules/mkdirp/index.js:30:20
277 verbose stack     at FSReqWrap.oncomplete (fs.js:82:15)
277 verbose stack
277 verbose stack Error: EACCES: permission denied, rename '/home/defalt/devchat/node_modules/.nodemon.DELETE/node_modules/debug' -> '/home/defalt/devchat/node_modules/nodemon/node_modules/debug'
277 verbose stack     at Error (native)
278 verbose cwd /home/defalt/devchat
279 error Linux 4.13.0-39-generic
280 error argv "/usr/bin/nodejs" "/usr/bin/npm" "install"
281 error node v4.2.6
282 error npm  v3.5.2
283 error path /home/defalt/devchat/node_modules/.nodemon.DELETE/node_modules/debug
284 error code EACCES
285 error errno -13
286 error syscall rename
287 error Error: EACCES: permission denied, rename '/home/defalt/devchat/node_modules/.nodemon.DELETE/node_modules/debug' -> '/home/defalt/devchat/node_modules/nodemon/node_modules/debug'
287 error     at /usr/share/npm/lib/install/action/finalize.js:64:7
287 error     at /usr/share/npm/node_modules/slide/lib/async-map.js:52:35
287 error     at Array.forEach (native)
287 error     at /usr/share/npm/node_modules/slide/lib/async-map.js:52:11
287 error     at Array.forEach (native)
287 error     at asyncMap (/usr/share/npm/node_modules/slide/lib/async-map.js:51:8)
287 error     at moveModules (/usr/share/npm/lib/install/action/finalize.js:61:5)
287 error     at /usr/share/npm/lib/install/action/finalize.js:56:70
287 error     at /usr/share/npm/node_modules/mkdirp/index.js:30:20
287 error     at FSReqWrap.oncomplete (fs.js:82:15)
287 error
287 error Error: EACCES: permission denied, rename '/home/defalt/devchat/node_modules/.nodemon.DELETE/node_modules/debug' -> '/home/defalt/devchat/node_modules/nodemon/node_modules/debug'
287 error     at Error (native)
287 error  { [Error: EACCES: permission denied, rename '/home/defalt/devchat/node_modules/.nodemon.DELETE/node_modules/debug' -> '/home/defalt/devchat/node_modules/nodemon/node_modules/debug'] parent: 'devchat' }
288 error Please try running this command again as root/Administrator.
289 verbose exit [ -13, true ]
